#
# A fatal error has been detected by the Java Runtime Environment:
#
#  SIGSEGV (0xb) at pc=0x00007ff8471c8818, pid=4819, tid=4819
#
# JRE version:  (11.0.9+11) (build )
# Java VM: OpenJDK 64-Bit Server VM (11.0.9+11-post-Debian-1deb10u1, mixed mode, sharing, tiered, compressed oops, g1 gc, linux-amd64)
# Problematic frame:
# V  [libjvm.so+0xb48818]
#
# No core dump will be written. Core dumps have been disabled. To enable core dumping, try "ulimit -c unlimited" before starting Java again
#
#

---------------  S U M M A R Y ------------

Command Line: -Dapplication.home=/usr/lib/jvm/java-11-openjdk-amd64 --add-modules=ALL-DEFAULT -Xms8m -Djdk.module.main=jdk.compiler jdk.compiler/com.sun.tools.javac.Main test.java

Host: Intel(R) Core(TM) i7-8750H CPU @ 2.20GHz, 12 cores, 12G, Debian GNU/Linux 10 (buster)
Time: Wed Jan 20 22:37:54 2021 EST elapsed time: 0.011549 seconds (0d 0h 0m 0s)

---------------  T H R E A D  ---------------

Current thread is native thread

Stack: [0x00007ffe4d09e000,0x00007ffe4d89c000],  sp=0x00007ffe4d896ef0,  free space=8163k
Native frames: (J=compiled Java code, A=aot compiled Java code, j=interpreted, Vv=VM code, C=native code)
V  [libjvm.so+0xb48818]
C  [libpthread.so.0+0x12730]


siginfo: si_signo: 11 (SIGSEGV), si_code: 1 (SEGV_MAPERR), si_addr: 0x00000000000000d0

Register to memory mapping:

RAX=0x0 is NULL
RBX=
[error occurred during error reporting (printing register info), id 0xb, SIGSEGV (0xb) at pc=0x00007ff847369b98]

Registers:
RAX=0x0000000000000000, RBX=0x00007ff8477c2080, RCX=0x00007ff8479a5495, RDX=0x0000000000000000
RSP=0x00007ffe4d896ef0, RBP=0x00007ffe4d896fb0, RSI=0x00007ffe4d8970f0, RDI=0x0000000000000001
R8 =0x00000000000000ca, R9 =0x00007ff84635e9d0, R10=0x0000000000000000, R11=0x0000000000000246
R12=0x0000000000000000, R13=0x00007ffe4d8970f0, R14=0x00007ffe4d896fc0, R15=0x0000000000000001
RIP=0x00007ff8471c8818, EFLAGS=0x0000000000010246, CSGSFS=0x002b000000000033, ERR=0x0000000000000004
  TRAPNO=0x000000000000000e

Top of Stack: (sp=0x00007ffe4d896ef0)
0x00007ffe4d896ef0:   000000000000065a 00007ff8477d4ca0
0x00007ffe4d896f00:   00007ff847bdc460 00007ffe4d896f88
0x00007ffe4d896f10:   00007ffe4d896f84 00007ff847bee85e
0x00007ffe4d896f20:   00007ff800000000 00007ff8477d4ca0 

Instructions: (pc=0x00007ff8471c8818)
0x00007ff8471c8718:   ef 4c 89 f2 48 89 de e8 fc 49 72 ff 4c 89 e7 e8
0x00007ff8471c8728:   44 4d 72 ff 48 81 c4 08 01 00 00 5b 41 5c 41 5d
0x00007ff8471c8738:   41 5e 41 5f 5d c3 66 90 4c 89 e2 be 00 01 00 00
0x00007ff8471c8748:   48 89 df e8 a0 4f 72 ff 48 85 c0 74 ac 48 8d 35
0x00007ff8471c8758:   23 7f 2e 00 48 89 df e8 7c 4d 72 ff 48 85 c0 75
0x00007ff8471c8768:   1f 48 8d 35 24 7f 2e 00 48 89 df e8 68 4d 72 ff
0x00007ff8471c8778:   48 85 c0 0f 84 80 ff ff ff 0f 1f 80 00 00 00 00
0x00007ff8471c8788:   be 22 00 00 00 48 89 df e8 db 4d 72 ff 48 85 c0
0x00007ff8471c8798:   74 26 48 8d 58 01 be 22 00 00 00 48 89 df e8 c5
0x00007ff8471c87a8:   4d 72 ff 48 85 c0 0f 85 5f ff ff ff e9 5d ff ff
0x00007ff8471c87b8:   ff 0f 1f 80 00 00 00 00 48 89 df be 3d 00 00 00
0x00007ff8471c87c8:   e8 a3 4d 72 ff 48 8d 58 01 e9 2b ff ff ff 66 2e
0x00007ff8471c87d8:   0f 1f 84 00 00 00 00 00 55 48 89 e5 41 57 41 56
0x00007ff8471c87e8:   49 89 d6 41 55 49 89 f5 41 54 53 48 81 ec 98 00
0x00007ff8471c87f8:   00 00 e8 a1 54 72 ff 48 89 c3 44 8b 20 e8 e6 fc
0x00007ff8471c8808:   19 00 31 d2 84 c0 74 08 e8 eb fc 19 00 48 89 c2
0x00007ff8471c8818:   48 83 ba d0 00 00 00 00 74 16 4c 8b ba 68 02 00
0x00007ff8471c8828:   00 41 8b 87 a8 00 00 00 83 f8 01 74 1b 44 89 23
0x00007ff8471c8838:   48 81 c4 98 00 00 00 5b 41 5c 41 5d 41 5e 41 5f
0x00007ff8471c8848:   5d c3 66 0f 1f 44 00 00 4c 89 ad 48 ff ff ff ba
0x00007ff8471c8858:   02 00 00 00 be 01 00 00 00 f3 0f 7e 85 48 ff ff
0x00007ff8471c8868:   ff 4c 89 b5 48 ff ff ff 4d 8d af a8 00 00 00 4c
0x00007ff8471c8878:   89 ef 0f 16 85 48 ff ff ff 41 0f 11 87 b0 00 00
0x00007ff8471c8888:   00 e8 d2 bd ff ff 83 f8 02 74 3d 85 c0 75 11 66
0x00007ff8471c8898:   0f ef c0 41 0f 11 87 b0 00 00 00 eb 90 0f 1f 00
0x00007ff8471c88a8:   48 8d 05 d9 d1 56 00 be aa 11 00 00 48 8d 3d f5
0x00007ff8471c88b8:   87 2e 00 48 8b 00 c6 00 58 e8 5a f1 ad ff eb cf
0x00007ff8471c88c8:   0f 1f 84 00 00 00 00 00 4c 8d b5 50 ff ff ff 4c
0x00007ff8471c88d8:   89 f7 e8 31 50 72 ff 4c 89 f2 31 f6 31 ff e8 35
0x00007ff8471c88e8:   51 72 ff 8b 35 ff 72 58 00 4c 89 f7 e8 d7 4c 72
0x00007ff8471c88f8:   ff be 01 00 00 00 48 8d 3d 9b b0 5c 00 e8 86 70
0x00007ff8471c8908:   0c 00 66 0f 1f 44 00 00 4c 89 f7 e8 e8 53 72 ff 


Stack slot to memory mapping:
stack at sp + 0 slots: 
[error occurred during error reporting (inspecting top of stack), id 0xb, SIGSEGV (0xb) at pc=0x00007ff847369b98]


---------------  P R O C E S S  ---------------

VM state:not at safepoint (normal execution)

VM Mutex/Monitor currently owned by a thread:  ([mutex/lock_event])
[0x00007ff8400131a0] Threads_lock - owner thread: 0x00007ff840016000

Heap address: 0x000000073a000000, size: 3168 MB, Compressed Oops mode: Zero based, Oop shift amount: 3
Narrow klass base: 0x0000000800000000, Narrow klass shift: 3
Compressed class space size: 1073741824 Address: 0x0000000840000000

Heap:
 garbage-first heap   total 10240K, used 712K [0x000000073a000000, 0x0000000800000000)
  region size 1024K, 1 young (1024K), 0 survivors (0K)
 Metaspace       used 11K, capacity 4480K, committed 4480K, reserved 1056768K
  class space    used 1K, capacity 384K, committed 384K, reserved 1048576K
Heap Regions: E=young(eden), S=young(survivor), O=old, HS=humongous(starts), HC=humongous(continues), CS=collection set, F=free, A=archive, TAMS=top-at-mark-start (previous, next)
|   0|0x000000073a000000, 0x000000073a000000, 0x000000073a100000|  0%| F|  |TAMS 0x000000073a000000, 0x000000073a000000| Untracked 
|   1|0x000000073a100000, 0x000000073a100000, 0x000000073a200000|  0%| F|  |TAMS 0x000000073a100000, 0x000000073a100000| Untracked 
|   2|0x000000073a200000, 0x000000073a200000, 0x000000073a300000|  0%| F|  |TAMS 0x000000073a200000, 0x000000073a200000| Untracked 
|   3|0x000000073a300000, 0x000000073a300000, 0x000000073a400000|  0%| F|  |TAMS 0x000000073a300000, 0x000000073a300000| Untracked 
|   4|0x000000073a400000, 0x000000073a400000, 0x000000073a500000|  0%| F|  |TAMS 0x000000073a400000, 0x000000073a400000| Untracked 
|   5|0x000000073a500000, 0x000000073a500000, 0x000000073a600000|  0%| F|  |TAMS 0x000000073a500000, 0x000000073a500000| Untracked 
|   6|0x000000073a600000, 0x000000073a600000, 0x000000073a700000|  0%| F|  |TAMS 0x000000073a600000, 0x000000073a600000| Untracked 
|   7|0x000000073a700000, 0x000000073a70f5d0, 0x000000073a800000|  6%| E|  |TAMS 0x000000073a700000, 0x000000073a700000| Complete 
|2142|0x00000007bfe00000, 0x00000007bfe47000, 0x00000007bff00000| 27%|OA|  |TAMS 0x00000007bfe00000, 0x00000007bfe00000| Untracked 
|2143|0x00000007bff00000, 0x00000007bff6b000, 0x00000007c0000000| 41%|CA|  |TAMS 0x00000007bff00000, 0x00000007bff00000| Untracked 

Card table byte_map: [0x00007ff844898000,0x00007ff844ec8000] _byte_map_base: 0x00007ff840ec8000

Marking Bits (Prev, Next): (CMBitMap*) 0x00007ff84006d768, (CMBitMap*) 0x00007ff84006d7a0
 Prev Bits: [0x00007ff820e80000, 0x00007ff824000000)
 Next Bits: [0x00007ff81dd00000, 0x00007ff820e80000)

Polling page: 0x00007ff847be3000

Metaspace:

Usage:
  Non-class:      4.00 MB capacity,     9.59 KB ( <1%) used,     3.99 MB (>99%) free+waste,    64 bytes ( <1%) overhead. 
      Class:    384.00 KB capacity,     1.97 KB ( <1%) used,   381.97 KB (>99%) free+waste,    64 bytes ( <1%) overhead. 
       Both:      4.38 MB capacity,    11.56 KB ( <1%) used,     4.36 MB (>99%) free+waste,   128 bytes ( <1%) overhead. 

Virtual space:
  Non-class space:        8.00 MB reserved,       4.00 MB ( 50%) committed 
      Class space:        1.00 GB reserved,     384.00 KB ( <1%) committed 
             Both:        1.01 GB reserved,       4.38 MB ( <1%) committed 

Chunk freelists:
   Non-Class:  0 bytes
       Class:  0 bytes
        Both:  0 bytes

MaxMetaspaceSize: unlimited
CompressedClassSpaceSize: 1.00 GB

CodeHeap 'non-profiled nmethods': size=120032Kb used=0Kb max_used=0Kb free=120032Kb
 bounds [0x00007ff830361000, 0x00007ff8305d1000, 0x00007ff837899000]
CodeHeap 'profiled nmethods': size=120028Kb used=0Kb max_used=0Kb free=120028Kb
 bounds [0x00007ff828e2a000, 0x00007ff82909a000, 0x00007ff830361000]
CodeHeap 'non-nmethods': size=5700Kb used=363Kb max_used=363Kb free=5336Kb
 bounds [0x00007ff828899000, 0x00007ff828b09000, 0x00007ff828e2a000]
 total_blobs=148 nmethods=0 adapters=121
 compilation: enabled
              stopped_count=0, restarted_count=0
 full_count=0

Compilation events (0 events):
No events

GC Heap History (0 events):
No events

Deoptimization events (0 events):
No events

Classes redefined (0 events):
No events

Internal exceptions (0 events):
No events

Events (2 events):
Event: 0.001 Protecting memory [0x00007ff84625e000,0x00007ff846262000] with protection modes 0
Event: 0.001 Loaded shared library /usr/lib/jvm/java-11-openjdk-amd64/lib/libzip.so


Dynamic libraries:
73a000000-73a800000 rw-p 00000000 00:00 0 
73a800000-7bfe00000 ---p 00000000 00:00 0 
7bfe00000-7bfe47000 rw-p 01111000 08:10 87374                            /usr/lib/jvm/java-11-openjdk-amd64/lib/server/classes.jsa
7bfe47000-7bff00000 rw-p 00000000 00:00 0 
7bff00000-7bff6b000 rw-p 010a6000 08:10 87374                            /usr/lib/jvm/java-11-openjdk-amd64/lib/server/classes.jsa
7bff6b000-7c0000000 rw-p 00000000 00:00 0 
7c0000000-800000000 ---p 00000000 00:00 0 
800000000-800002000 rwxp 00001000 08:10 87374                            /usr/lib/jvm/java-11-openjdk-amd64/lib/server/classes.jsa
800002000-8003b9000 rw-p 00003000 08:10 87374                            /usr/lib/jvm/java-11-openjdk-amd64/lib/server/classes.jsa
8003b9000-800a96000 r--p 003ba000 08:10 87374                            /usr/lib/jvm/java-11-openjdk-amd64/lib/server/classes.jsa
800a96000-800a97000 rw-p 00a97000 08:10 87374                            /usr/lib/jvm/java-11-openjdk-amd64/lib/server/classes.jsa
800a97000-8010a5000 r--p 00a98000 08:10 87374                            /usr/lib/jvm/java-11-openjdk-amd64/lib/server/classes.jsa
840000000-840060000 rw-p 00000000 00:00 0 
840060000-880000000 ---p 00000000 00:00 0 
5628c2627000-5628c2628000 r--p 00000000 08:10 87664                      /usr/lib/jvm/java-11-openjdk-amd64/bin/javac
5628c2628000-5628c2629000 r-xp 00001000 08:10 87664                      /usr/lib/jvm/java-11-openjdk-amd64/bin/javac
5628c2629000-5628c262a000 r--p 00002000 08:10 87664                      /usr/lib/jvm/java-11-openjdk-amd64/bin/javac
5628c262a000-5628c262b000 r--p 00002000 08:10 87664                      /usr/lib/jvm/java-11-openjdk-amd64/bin/javac
5628c262b000-5628c262c000 rw-p 00003000 08:10 87664                      /usr/lib/jvm/java-11-openjdk-amd64/bin/javac
5628c442f000-5628c4472000 rw-p 00000000 00:00 0                          [heap]
7ff7fc000000-7ff7fc021000 rw-p 00000000 00:00 0 
7ff7fc021000-7ff800000000 ---p 00000000 00:00 0 
7ff800000000-7ff800021000 rw-p 00000000 00:00 0 
7ff800021000-7ff804000000 ---p 00000000 00:00 0 
7ff804000000-7ff804021000 rw-p 00000000 00:00 0 
7ff804021000-7ff808000000 ---p 00000000 00:00 0 
7ff808000000-7ff808021000 rw-p 00000000 00:00 0 
7ff808021000-7ff80c000000 ---p 00000000 00:00 0 
7ff80c000000-7ff80c021000 rw-p 00000000 00:00 0 
7ff80c021000-7ff810000000 ---p 00000000 00:00 0 
7ff810000000-7ff810021000 rw-p 00000000 00:00 0 
7ff810021000-7ff814000000 ---p 00000000 00:00 0 
7ff816000000-7ff818000000 rw-p 00000000 00:00 0 
7ff818000000-7ff818021000 rw-p 00000000 00:00 0 
7ff818021000-7ff81c000000 ---p 00000000 00:00 0 
7ff81c98f000-7ff81cc74000 r--p 00000000 08:10 87234                      /usr/lib/locale/locale-archive
7ff81cc74000-7ff81cc78000 ---p 00000000 00:00 0 
7ff81cc78000-7ff81cd75000 rw-p 00000000 00:00 0 
7ff81cd75000-7ff81cd79000 ---p 00000000 00:00 0 
7ff81cd79000-7ff81ce76000 rw-p 00000000 00:00 0 
7ff81ce76000-7ff81ce77000 ---p 00000000 00:00 0 
7ff81ce77000-7ff81d3f9000 rw-p 00000000 00:00 0 
7ff81d3f9000-7ff81d7f9000 ---p 00000000 00:00 0 
7ff81d7f9000-7ff81d7fa000 ---p 00000000 00:00 0 
7ff81d7fa000-7ff81d8fb000 rw-p 00000000 00:00 0 
7ff81d8fb000-7ff81d8fc000 ---p 00000000 00:00 0 
7ff81d8fc000-7ff81dd20000 rw-p 00000000 00:00 0 
7ff81dd20000-7ff81fe78000 ---p 00000000 00:00 0 
7ff81fe78000-7ff81fe80000 rw-p 00000000 00:00 0 
7ff81fe80000-7ff820e80000 ---p 00000000 00:00 0 
7ff820e80000-7ff820ea0000 rw-p 00000000 00:00 0 
7ff820ea0000-7ff822ff8000 ---p 00000000 00:00 0 
7ff822ff8000-7ff823000000 rw-p 00000000 00:00 0 
7ff823000000-7ff824000000 ---p 00000000 00:00 0 
7ff824000000-7ff824021000 rw-p 00000000 00:00 0 
7ff824021000-7ff828000000 ---p 00000000 00:00 0 
7ff828035000-7ff828797000 rw-p 00000000 00:00 0 
7ff828797000-7ff828798000 ---p 00000000 00:00 0 
7ff828798000-7ff828899000 rw-p 00000000 00:00 0 
7ff828899000-7ff828b09000 rwxp 00000000 00:00 0 
7ff828b09000-7ff828e2a000 ---p 00000000 00:00 0 
7ff828e2a000-7ff82909a000 rwxp 00000000 00:00 0 
7ff82909a000-7ff830361000 ---p 00000000 00:00 0 
7ff830361000-7ff8305d1000 rwxp 00000000 00:00 0 
7ff8305d1000-7ff837899000 ---p 00000000 00:00 0 
7ff837899000-7ff840000000 r--s 00000000 08:10 87367                      /usr/lib/jvm/java-11-openjdk-amd64/lib/modules
7ff840000000-7ff8400f2000 rw-p 00000000 00:00 0 
7ff8400f2000-7ff844000000 ---p 00000000 00:00 0 
7ff84402f000-7ff844099000 rw-p 00000000 00:00 0 
7ff844099000-7ff84409a000 ---p 00000000 00:00 0 
7ff84409a000-7ff84426c000 rw-p 00000000 00:00 0 
7ff84426c000-7ff844697000 ---p 00000000 00:00 0 
7ff844697000-7ff844698000 rw-p 00000000 00:00 0 
7ff844698000-7ff844898000 ---p 00000000 00:00 0 
7ff844898000-7ff84489c000 rw-p 00000000 00:00 0 
7ff84489c000-7ff844cc7000 ---p 00000000 00:00 0 
7ff844cc7000-7ff844cc8000 rw-p 00000000 00:00 0 
7ff844cc8000-7ff844ec8000 ---p 00000000 00:00 0 
7ff844ec8000-7ff844ecc000 rw-p 00000000 00:00 0 
7ff844ecc000-7ff8452f7000 ---p 00000000 00:00 0 
7ff8452f7000-7ff8452f8000 rw-p 00000000 00:00 0 
7ff8452f8000-7ff8454f8000 ---p 00000000 00:00 0 
7ff8454f8000-7ff845f02000 rw-p 00000000 00:00 0 
7ff845f02000-7ff845f03000 ---p 00000000 00:00 0 
7ff845f03000-7ff846009000 rw-p 00000000 00:00 0 
7ff846009000-7ff8460ef000 ---p 00000000 00:00 0 
7ff8460ef000-7ff8460f4000 rw-p 00000000 00:00 0 
7ff8460f4000-7ff8461da000 ---p 00000000 00:00 0 
7ff8461da000-7ff8461df000 rw-p 00000000 00:00 0 
7ff8461df000-7ff8461e6000 ---p 00000000 00:00 0 
7ff8461e6000-7ff8461e8000 r--p 00000000 08:10 87366                      /usr/lib/jvm/java-11-openjdk-amd64/lib/libzip.so
7ff8461e8000-7ff8461ec000 r-xp 00002000 08:10 87366                      /usr/lib/jvm/java-11-openjdk-amd64/lib/libzip.so
7ff8461ec000-7ff8461ee000 r--p 00006000 08:10 87366                      /usr/lib/jvm/java-11-openjdk-amd64/lib/libzip.so
7ff8461ee000-7ff8461ef000 r--p 00007000 08:10 87366                      /usr/lib/jvm/java-11-openjdk-amd64/lib/libzip.so
7ff8461ef000-7ff8461f0000 rw-p 00008000 08:10 87366                      /usr/lib/jvm/java-11-openjdk-amd64/lib/libzip.so
7ff8461f0000-7ff8461f3000 r--p 00000000 08:10 92219                      /lib/x86_64-linux-gnu/libnss_files-2.28.so
7ff8461f3000-7ff8461fa000 r-xp 00003000 08:10 92219                      /lib/x86_64-linux-gnu/libnss_files-2.28.so
7ff8461fa000-7ff8461fc000 r--p 0000a000 08:10 92219                      /lib/x86_64-linux-gnu/libnss_files-2.28.so
7ff8461fc000-7ff8461fd000 ---p 0000c000 08:10 92219                      /lib/x86_64-linux-gnu/libnss_files-2.28.so
7ff8461fd000-7ff8461fe000 r--p 0000c000 08:10 92219                      /lib/x86_64-linux-gnu/libnss_files-2.28.so
7ff8461fe000-7ff8461ff000 rw-p 0000d000 08:10 92219                      /lib/x86_64-linux-gnu/libnss_files-2.28.so
7ff8461ff000-7ff846205000 rw-p 00000000 00:00 0 
7ff846205000-7ff84620d000 rw-s 00000000 08:10 656906                     /tmp/hsperfdata_cleverwolf7/4819
7ff84620d000-7ff84620f000 r--p 00000000 08:10 87348                      /usr/lib/jvm/java-11-openjdk-amd64/lib/libjimage.so
7ff84620f000-7ff846212000 r-xp 00002000 08:10 87348                      /usr/lib/jvm/java-11-openjdk-amd64/lib/libjimage.so
7ff846212000-7ff846214000 r--p 00005000 08:10 87348                      /usr/lib/jvm/java-11-openjdk-amd64/lib/libjimage.so
7ff846214000-7ff846215000 r--p 00006000 08:10 87348                      /usr/lib/jvm/java-11-openjdk-amd64/lib/libjimage.so
7ff846215000-7ff846216000 rw-p 00007000 08:10 87348                      /usr/lib/jvm/java-11-openjdk-amd64/lib/libjimage.so
7ff846216000-7ff846224000 r--p 00000000 08:10 87344                      /usr/lib/jvm/java-11-openjdk-amd64/lib/libjava.so
7ff846224000-7ff846239000 r-xp 0000e000 08:10 87344                      /usr/lib/jvm/java-11-openjdk-amd64/lib/libjava.so
7ff846239000-7ff846240000 r--p 00023000 08:10 87344                      /usr/lib/jvm/java-11-openjdk-amd64/lib/libjava.so
7ff846240000-7ff846241000 r--p 00029000 08:10 87344                      /usr/lib/jvm/java-11-openjdk-amd64/lib/libjava.so
7ff846241000-7ff846242000 rw-p 0002a000 08:10 87344                      /usr/lib/jvm/java-11-openjdk-amd64/lib/libjava.so
7ff846242000-7ff846243000 rw-p 00000000 00:00 0 
7ff846243000-7ff846248000 r--p 00000000 08:10 87365                      /usr/lib/jvm/java-11-openjdk-amd64/lib/libverify.so
7ff846248000-7ff84624f000 r-xp 00005000 08:10 87365                      /usr/lib/jvm/java-11-openjdk-amd64/lib/libverify.so
7ff84624f000-7ff846251000 r--p 0000c000 08:10 87365                      /usr/lib/jvm/java-11-openjdk-amd64/lib/libverify.so
7ff846251000-7ff846253000 r--p 0000d000 08:10 87365                      /usr/lib/jvm/java-11-openjdk-amd64/lib/libverify.so
7ff846253000-7ff846254000 rw-p 0000f000 08:10 87365                      /usr/lib/jvm/java-11-openjdk-amd64/lib/libverify.so
7ff846254000-7ff846256000 r--p 00000000 08:10 92244                      /lib/x86_64-linux-gnu/librt-2.28.so
7ff846256000-7ff84625a000 r-xp 00002000 08:10 92244                      /lib/x86_64-linux-gnu/librt-2.28.so
7ff84625a000-7ff84625c000 r--p 00006000 08:10 92244                      /lib/x86_64-linux-gnu/librt-2.28.so
7ff84625c000-7ff84625d000 r--p 00007000 08:10 92244                      /lib/x86_64-linux-gnu/librt-2.28.so
7ff84625d000-7ff84625e000 rw-p 00008000 08:10 92244                      /lib/x86_64-linux-gnu/librt-2.28.so
7ff84625e000-7ff846262000 ---p 00000000 00:00 0 
7ff846262000-7ff84635f000 rw-p 00000000 00:00 0 
7ff84635f000-7ff846362000 r--p 00000000 08:10 92185                      /lib/x86_64-linux-gnu/libgcc_s.so.1
7ff846362000-7ff846373000 r-xp 00003000 08:10 92185                      /lib/x86_64-linux-gnu/libgcc_s.so.1
7ff846373000-7ff846376000 r--p 00014000 08:10 92185                      /lib/x86_64-linux-gnu/libgcc_s.so.1
7ff