#
# A fatal error has been detected by the Java Runtime Environment:
#
#  SIGSEGV (0xb) at pc=0x00007fa8088b4818, pid=5330, tid=5330
#
# JRE version: OpenJDK Runtime Environment (11.0.9+11) (build 11.0.9+11-post-Debian-1deb10u1)
# Java VM: OpenJDK 64-Bit Server VM (11.0.9+11-post-Debian-1deb10u1, mixed mode, sharing, tiered, compressed oops, g1 gc, linux-amd64)
# Problematic frame:
# V  [libjvm.so+0xb48818]
#
# No core dump will be written. Core dumps have been disabled. To enable core dumping, try "ulimit -c unlimited" before starting Java again
#
# If you would like to submit a bug report, please visit:
#   https://bugs.debian.org/openjdk-11
#

---------------  S U M M A R Y ------------

Command Line: -Dapplication.home=/usr/lib/jvm/java-11-openjdk-amd64 --add-modules=ALL-DEFAULT -Xms8m -Djdk.module.main=jdk.compiler jdk.compiler/com.sun.tools.javac.Main test.java

Host: Intel(R) Core(TM) i7-8750H CPU @ 2.20GHz, 12 cores, 12G, Debian GNU/Linux 10 (buster)
Time: Wed Jan 20 22:38:14 2021 EST elapsed time: 0.163370 seconds (0d 0h 0m 0s)

---------------  T H R E A D  ---------------

Current thread is native thread

Stack: [0x00007ffc92220000,0x00007ffc92a1e000],  sp=0x00007ffc92a192b0,  free space=8164k
Native frames: (J=compiled Java code, A=aot compiled Java code, j=interpreted, Vv=VM code, C=native code)
V  [libjvm.so+0xb48818]
C  [libpthread.so.0+0x12730]


siginfo: si_signo: 11 (SIGSEGV), si_code: 1 (SEGV_MAPERR), si_addr: 0x00000000000000d0

Register to memory mapping:

RAX=0x0 is NULL
RBX=
[error occurred during error reporting (printing register info), id 0xb, SIGSEGV (0xb) at pc=0x00007fa808a55b98]

Registers:
RAX=0x0000000000000000, RBX=0x00007fa808eae080, RCX=0x00007fa809091495, RDX=0x0000000000000000
RSP=0x00007ffc92a192b0, RBP=0x00007ffc92a19370, RSI=0x00007ffc92a194b0, RDI=0x0000000000000001
R8 =0x00000000000000ca, R9 =0x00007fa807a4a9d0, R10=0x0000000000000000, R11=0x0000000000000246
R12=0x0000000000000000, R13=0x00007ffc92a194b0, R14=0x00007ffc92a19380, R15=0x0000000000000001
RIP=0x00007fa8088b4818, EFLAGS=0x0000000000010246, CSGSFS=0x002b000000000033, ERR=0x0000000000000004
  TRAPNO=0x000000000000000e

Top of Stack: (sp=0x00007ffc92a192b0)
0x00007ffc92a192b0:   000000000000065a 00007fa808ec0ca0
0x00007ffc92a192c0:   00007fa8092c8460 00007ffc92a19348
0x00007ffc92a192d0:   00007ffc92a19344 00007fa8092da85e
0x00007ffc92a192e0:   00007fa800000000 00007fa808ec0ca0 

Instructions: (pc=0x00007fa8088b4818)
0x00007fa8088b4718:   ef 4c 89 f2 48 89 de e8 fc 49 72 ff 4c 89 e7 e8
0x00007fa8088b4728:   44 4d 72 ff 48 81 c4 08 01 00 00 5b 41 5c 41 5d
0x00007fa8088b4738:   41 5e 41 5f 5d c3 66 90 4c 89 e2 be 00 01 00 00
0x00007fa8088b4748:   48 89 df e8 a0 4f 72 ff 48 85 c0 74 ac 48 8d 35
0x00007fa8088b4758:   23 7f 2e 00 48 89 df e8 7c 4d 72 ff 48 85 c0 75
0x00007fa8088b4768:   1f 48 8d 35 24 7f 2e 00 48 89 df e8 68 4d 72 ff
0x00007fa8088b4778:   48 85 c0 0f 84 80 ff ff ff 0f 1f 80 00 00 00 00
0x00007fa8088b4788:   be 22 00 00 00 48 89 df e8 db 4d 72 ff 48 85 c0
0x00007fa8088b4798:   74 26 48 8d 58 01 be 22 00 00 00 48 89 df e8 c5
0x00007fa8088b47a8:   4d 72 ff 48 85 c0 0f 85 5f ff ff ff e9 5d ff ff
0x00007fa8088b47b8:   ff 0f 1f 80 00 00 00 00 48 89 df be 3d 00 00 00
0x00007fa8088b47c8:   e8 a3 4d 72 ff 48 8d 58 01 e9 2b ff ff ff 66 2e
0x00007fa8088b47d8:   0f 1f 84 00 00 00 00 00 55 48 89 e5 41 57 41 56
0x00007fa8088b47e8:   49 89 d6 41 55 49 89 f5 41 54 53 48 81 ec 98 00
0x00007fa8088b47f8:   00 00 e8 a1 54 72 ff 48 89 c3 44 8b 20 e8 e6 fc
0x00007fa8088b4808:   19 00 31 d2 84 c0 74 08 e8 eb fc 19 00 48 89 c2
0x00007fa8088b4818:   48 83 ba d0 00 00 00 00 74 16 4c 8b ba 68 02 00
0x00007fa8088b4828:   00 41 8b 87 a8 00 00 00 83 f8 01 74 1b 44 89 23
0x00007fa8088b4838:   48 81 c4 98 00 00 00 5b 41 5c 41 5d 41 5e 41 5f
0x00007fa8088b4848:   5d c3 66 0f 1f 44 00 00 4c 89 ad 48 ff ff ff ba
0x00007fa8088b4858:   02 00 00 00 be 01 00 00 00 f3 0f 7e 85 48 ff ff
0x00007fa8088b4868:   ff 4c 89 b5 48 ff ff ff 4d 8d af a8 00 00 00 4c
0x00007fa8088b4878:   89 ef 0f 16 85 48 ff ff ff 41 0f 11 87 b0 00 00
0x00007fa8088b4888:   00 e8 d2 bd ff ff 83 f8 02 74 3d 85 c0 75 11 66
0x00007fa8088b4898:   0f ef c0 41 0f 11 87 b0 00 00 00 eb 90 0f 1f 00
0x00007fa8088b48a8:   48 8d 05 d9 d1 56 00 be aa 11 00 00 48 8d 3d f5
0x00007fa8088b48b8:   87 2e 00 48 8b 00 c6 00 58 e8 5a f1 ad ff eb cf
0x00007fa8088b48c8:   0f 1f 84 00 00 00 00 00 4c 8d b5 50 ff ff ff 4c
0x00007fa8088b48d8:   89 f7 e8 31 50 72 ff 4c 89 f2 31 f6 31 ff e8 35
0x00007fa8088b48e8:   51 72 ff 8b 35 ff 72 58 00 4c 89 f7 e8 d7 4c 72
0x00007fa8088b48f8:   ff be 01 00 00 00 48 8d 3d 9b b0 5c 00 e8 86 70
0x00007fa8088b4908:   0c 00 66 0f 1f 44 00 00 4c 89 f7 e8 e8 53 72 ff 


Stack slot to memory mapping:
stack at sp + 0 slots: 
[error occurred during error reporting (inspecting top of stack), id 0xb, SIGSEGV (0xb) at pc=0x00007fa808a55b98]


---------------  P R O C E S S  ---------------

VM state:not at safepoint (normal execution)

VM Mutex/Monitor currently owned by a thread: None

Heap address: 0x000000073a000000, size: 3168 MB, Compressed Oops mode: Zero based, Oop shift amount: 3
Narrow klass base: 0x0000000800000000, Narrow klass shift: 3
Compressed class space size: 1073741824 Address: 0x0000000840000000

Heap:
 garbage-first heap   total 10240K, used 1869K [0x000000073a000000, 0x0000000800000000)
  region size 1024K, 2 young (2048K), 1 survivors (1024K)
 Metaspace       used 3364K, capacity 7208K, committed 7296K, reserved 1056768K
  class space    used 449K, capacity 833K, committed 896K, reserved 1048576K
Heap Regions: E=young(eden), S=young(survivor), O=old, HS=humongous(starts), HC=humongous(continues), CS=collection set, F=free, A=archive, TAMS=top-at-mark-start (previous, next)
|   0|0x000000073a000000, 0x000000073a021400, 0x000000073a100000| 12%| O|  |TAMS 0x000000073a000000, 0x000000073a000000| Untracked 
|   1|0x000000073a100000, 0x000000073a100000, 0x000000073a200000|  0%| F|  |TAMS 0x000000073a100000, 0x000000073a100000| Untracked 
|   2|0x000000073a200000, 0x000000073a200000, 0x000000073a300000|  0%| F|  |TAMS 0x000000073a200000, 0x000000073a200000| Untracked 
|   3|0x000000073a300000, 0x000000073a300000, 0x000000073a400000|  0%| F|  |TAMS 0x000000073a300000, 0x000000073a300000| Untracked 
|   4|0x000000073a400000, 0x000000073a500000, 0x000000073a500000|100%| S|CS|TAMS 0x000000073a400000, 0x000000073a400000| Complete 
|   5|0x000000073a500000, 0x000000073a500000, 0x000000073a600000|  0%| F|  |TAMS 0x000000073a500000, 0x000000073a500000| Untracked 
|   6|0x000000073a600000, 0x000000073a600000, 0x000000073a700000|  0%| F|  |TAMS 0x000000073a600000, 0x000000073a600000| Untracked 
|   7|0x000000073a700000, 0x000000073a73c7b0, 0x000000073a800000| 23%| E|  |TAMS 0x000000073a700000, 0x000000073a700000| Complete 
|2142|0x00000007bfe00000, 0x00000007bfe47000, 0x00000007bff00000| 27%|OA|  |TAMS 0x00000007bfe00000, 0x00000007bfe00000| Untracked 
|2143|0x00000007bff00000, 0x00000007bff6b000, 0x00000007c0000000| 41%|CA|  |TAMS 0x00000007bff00000, 0x00000007bff00000| Untracked 

Card table byte_map: [0x00007fa805f84000,0x00007fa8065b4000] _byte_map_base: 0x00007fa8025b4000

Marking Bits (Prev, Next): (CMBitMap*) 0x00007fa80006d768, (CMBitMap*) 0x00007fa80006d7a0
 Prev Bits: [0x00007fa7e0e80000, 0x00007fa7e4000000)
 Next Bits: [0x00007fa7ddd00000, 0x00007fa7e0e80000)

Polling page: 0x00007fa8092cf000

Metaspace:

Usage:
  Non-class:      6.29 MB capacity,     2.86 MB ( 45%) used,     3.42 MB ( 54%) free+waste,     7.75 KB ( <1%) overhead. 
      Class:    833.00 KB capacity,   449.99 KB ( 54%) used,   378.63 KB ( 45%) free+waste,     4.38 KB ( <1%) overhead. 
       Both:      7.10 MB capacity,     3.30 MB ( 46%) used,     3.79 MB ( 53%) free+waste,    12.12 KB ( <1%) overhead. 

Virtual space:
  Non-class space:        8.00 MB reserved,       6.50 MB ( 81%) committed 
      Class space:        1.00 GB reserved,     896.00 KB ( <1%) committed 
             Both:        1.01 GB reserved,       7.38 MB ( <1%) committed 

Chunk freelists:
   Non-Class:  13.00 KB
       Class:  31.00 KB
        Both:  44.00 KB

MaxMetaspaceSize: unlimited
CompressedClassSpaceSize: 1.00 GB

CodeHeap 'non-profiled nmethods': size=120032Kb used=115Kb max_used=115Kb free=119917Kb
 bounds [0x00007fa7f0361000, 0x00007fa7f05d1000, 0x00007fa7f7899000]
CodeHeap 'profiled nmethods': size=120028Kb used=546Kb max_used=546Kb free=119481Kb
 bounds [0x00007fa7e8e2a000, 0x00007fa7e909a000, 0x00007fa7f0361000]
CodeHeap 'non-nmethods': size=5700Kb used=1049Kb max_used=1069Kb free=4650Kb
 bounds [0x00007fa7e8899000, 0x00007fa7e8b09000, 0x00007fa7e8e2a000]
 total_blobs=737 nmethods=391 adapters=259
 compilation: enabled
              stopped_count=0, restarted_count=0
 full_count=0

Compilation events (20 events):
Event: 0.153 Thread 0x00007fa8000f7800  381       3       jdk.internal.loader.BuiltinClassLoader::moduleReaderFor (45 bytes)
Event: 0.153 Thread 0x00007fa8000f7800 nmethod 381 0x00007fa7e8eac690 code [0x00007fa7e8eac8a0, 0x00007fa7e8eacff0]
Event: 0.153 Thread 0x00007fa8000f7800  382       3       java.security.CodeSource::<init> (52 bytes)
Event: 0.154 Thread 0x00007fa8000f7800 nmethod 382 0x00007fa7e8ead190 code [0x00007fa7e8ead380, 0x00007fa7e8ead8f0]
Event: 0.154 Thread 0x00007fa8000f7800  383       3       java.security.SecureClassLoader::getProtectionDomain (38 bytes)
Event: 0.154 Thread 0x00007fa8000f7800 nmethod 383 0x00007fa7e8eada10 code [0x00007fa7e8eadc20, 0x00007fa7e8eae2e0]
Event: 0.154 Thread 0x00007fa8000f7800  384       3       java.lang.ClassLoader::defineClass (108 bytes)
Event: 0.154 Thread 0x00007fa8000f7800 nmethod 384 0x00007fa7e8eae490 code [0x00007fa7e8eae780, 0x00007fa7e8eaf750]
Event: 0.156 Thread 0x00007fa8000f5800 nmethod 379 0x00007fa7f037bf90 code [0x00007fa7f037c140, 0x00007fa7f037c698]
Event: 0.158 Thread 0x00007fa7ac07f000  385       4       java.nio.Buffer::position (55 bytes)
Event: 0.159 Thread 0x00007fa7ac07f000 nmethod 385 0x00007fa7f037c990 code [0x00007fa7f037cb20, 0x00007fa7f037cbf8]
Event: 0.159 Thread 0x00007fa8000f7800  386       3       java.util.Arrays::equals (57 bytes)
Event: 0.159 Thread 0x00007fa7ac07f000  387       4       jdk.internal.org.objectweb.asm.ByteVector::putUTF8 (142 bytes)
Event: 0.160 Thread 0x00007fa8000f7800 nmethod 386 0x00007fa7e8eafd10 code [0x00007fa7e8eaff00, 0x00007fa7e8eb0460]
Event: 0.160 Thread 0x00007fa8000f7800  388       3       java.lang.invoke.MemberName::getMethodOrFieldType (72 bytes)
Event: 0.161 Thread 0x00007fa8000f7800 nmethod 388 0x00007fa7e8eb0610 code [0x00007fa7e8eb0980, 0x00007fa7e8eb1d00]
Event: 0.161 Thread 0x00007fa8000f7800  389       1       java.lang.invoke.MethodTypeForm::basicType (5 bytes)
Event: 0.161 Thread 0x00007fa8000f7800 nmethod 389 0x00007fa7f037cd10 code [0x00007fa7f037cec0, 0x00007fa7f037cf90]
Event: 0.161 Thread 0x00007fa8000f7800  390       3       java.lang.StringLatin1::inflate (34 bytes)
Event: 0.161 Thread 0x00007fa8000f7800 nmethod 390 0x00007fa7e8eb2390 code [0x00007fa7e8eb2560, 0x00007fa7e8eb2750]

GC Heap History (2 events):
Event: 0.142 GC heap before
{Heap before GC invocations=0 (full 0):
 garbage-first heap   total 10240K, used 3784K [0x000000073a000000, 0x0000000800000000)
  region size 1024K, 3 young (3072K), 0 survivors (0K)
 Metaspace       used 2853K, capacity 6751K, committed 6912K, reserved 1056768K
  class space    used 371K, capacity 766K, committed 768K, reserved 1048576K
}
Event: 0.147 GC heap after
{Heap after GC invocations=1 (full 0):
 garbage-first heap   total 10240K, used 1869K [0x000000073a000000, 0x0000000800000000)
  region size 1024K, 1 young (1024K), 1 survivors (1024K)
 Metaspace       used 2853K, capacity 6751K, committed 6912K, reserved 1056768K
  class space    used 371K, capacity 766K, committed 768K, reserved 1048576K
}

Deoptimization events (20 events):
Event: 0.099 Thread 0x00007fa800016000 Uncommon trap: trap_request=0xffffff4d fr.pc=0x00007fa7f036ff90 relative=0x0000000000000070
Event: 0.099 Thread 0x00007fa800016000 Uncommon trap: reason=unstable_if action=reinterpret pc=0x00007fa7f036ff90 method=java.nio.Buffer.hasRemaining()Z @ 8 c2
Event: 0.099 Thread 0x00007fa800016000 DEOPT PACKING pc=0x00007fa7f036ff90 sp=0x00007fa807a43bf0
Event: 0.099 Thread 0x00007fa800016000 DEOPT UNPACKING pc=0x00007fa7e88bf8a5 sp=0x00007fa807a43ba8 mode 2
Event: 0.117 Thread 0x00007fa800016000 Uncommon trap: trap_request=0xffffffc6 fr.pc=0x00007fa7f0369c24 relative=0x0000000000000084
Event: 0.117 Thread 0x00007fa800016000 Uncommon trap: reason=bimorphic_or_optimized_type_check action=maybe_recompile pc=0x00007fa7f0369c24 method=java.util.AbstractCollection.isEmpty()Z @ 1 c2
Event: 0.117 Thread 0x00007fa800016000 DEOPT PACKING pc=0x00007fa7f0369c24 sp=0x00007fa807a49240
Event: 0.117 Thread 0x00007fa800016000 DEOPT UNPACKING pc=0x00007fa7e88bf8a5 sp=0x00007fa807a491f0 mode 2
Event: 0.117 Thread 0x00007fa800016000 Uncommon trap: trap_request=0xffffffc6 fr.pc=0x00007fa7f0369c24 relative=0x0000000000000084
Event: 0.117 Thread 0x00007fa800016000 Uncommon trap: reason=bimorphic_or_optimized_type_check action=maybe_recompile pc=0x00007fa7f0369c24 method=java.util.AbstractCollection.isEmpty()Z @ 1 c2
Event: 0.117 Thread 0x00007fa800016000 DEOPT PACKING pc=0x00007fa7f0369c24 sp=0x00007fa807a491d0
Event: 0.117 Thread 0x00007fa800016000 DEOPT UNPACKING pc=0x00007fa7e88bf8a5 sp=0x00007fa807a49180 mode 2
Event: 0.117 Thread 0x00007fa800016000 Uncommon trap: trap_request=0xffffffc6 fr.pc=0x00007fa7f0369c24 relative=0x0000000000000084
Event: 0.117 Thread 0x00007fa800016000 Uncommon trap: reason=bimorphic_or_optimized_type_check action=maybe_recompile pc=0x00007fa7f0369c24 method=java.util.AbstractCollection.isEmpty()Z @ 1 c2
Event: 0.117 Thread 0x00007fa800016000 DEOPT PACKING pc=0x00007fa7f0369c24 sp=0x00007fa807a49230
Event: 0.117 Thread 0x00007fa800016000 DEOPT UNPACKING pc=0x00007fa7e88bf8a5 sp=0x00007fa807a491e0 mode 2
Event: 0.117 Thread 0x00007fa800016000 Uncommon trap: trap_request=0xffffffc6 fr.pc=0x00007fa7f0369c24 relative=0x0000000000000084
Event: 0.117 Thread 0x00007fa800016000 Uncommon trap: reason=bimorphic_or_optimized_type_check action=maybe_recompile pc=0x00007fa7f0369c24 method=java.util.AbstractCollection.isEmpty()Z @ 1 c2
Event: 0.117 Thread 0x00007fa800016000 DEOPT PACKING pc=0x00007fa7f0369c24 sp=0x00007fa807a49230
Event: 0.117 Thread 0x00007fa800016000 DEOPT UNPACKING pc=0x00007fa7e88bf8a5 sp=0x00007fa807a491e0 mode 2

Classes redefined (0 events):
No events

Internal exceptions (1 events):
Event: 0.120 Thread 0x00007fa800016000 Exception <a 'java/lang/NoSuchMethodError'{0x000000073a520158}: 'int java.lang.invoke.DirectMethodHandle$Holder.invokeVirtual(java.lang.Object, java.lang.Object, java.lang.Object)'> (0x000000073a520158) thrown at [src/hotspot/share/interpreter/linkResolver.cpp, line 773]

Events (20 events):
Event: 0.129 loading class java/lang/ArrayIndexOutOfBoundsException
Event: 0.129 loading class java/lang/ArrayIndexOutOfBoundsException done
Event: 0.133 loading class java/util/AbstractQueue
Event: 0.133 loading class java/util/AbstractQueue done
Event: 0.142 Executing VM operation: G1CollectForAllocation
Event: 0.147 Executing VM operation: G1CollectForAllocation done
Event: 0.159 loading class com/sun/tools/javac/util/Name
Event: 0.159 loading class com/sun/tools/javac/util/Name done
Event: 0.159 loading class com/sun/tools/javac/util/Name
Event: 0.159 loading class com/sun/tools/javac/util/Name done
Event: 0.159 loading class com/sun/tools/javac/code/Symbol
Event: 0.159 loading class com/sun/tools/javac/code/Symbol done
Event: 0.159 loading class com/sun/tools/javac/code/Symbol
Event: 0.159 loading class com/sun/tools/javac/code/Symbol done
Event: 0.159 loading class com/sun/tools/javac/code/Symtab
Event: 0.159 loading class com/sun/tools/javac/code/Symtab done
Event: 0.160 loading class com/sun/tools/javac/code/Symbol
Event: 0.160 loading class com/sun/tools/javac/code/Symbol done
Event: 0.160 loading class com/sun/tools/javac/code/Symtab
Event: 0.160 loading class com/sun/tools/javac/code/Symtab done


Dynamic libraries:
73a000000-73a800000 rw-p 00000000 00:00 0 
73a800000-7bfe00000 ---p 00000000 00:00 0 
7bfe00000-7bfe47000 rw-p 01111000 08:10 87374                            /usr/lib/jvm/java-11-openjdk-amd64/lib/server/classes.jsa
7bfe47000-7bff00000 rw-p 00000000 00:00 0 
7bff00000-7bff6b000 rw-p 010a6000 08:10 87374                            /usr/lib/jvm/java-11-openjdk-amd64/lib/server/classes.jsa
7bff6b000-7c0000000 rw-p 00000000 00:00 0 
7c0000000-800000000 ---p 00000000 00:00 0 
800000000-800002000 rwxp 00001000 08:10 87374                            /usr/lib/jvm/java-11-openjdk-amd64/lib/server/classes.jsa
800002000-8003b9000 rw-p 00003000 08:10 87374                            /usr/lib/jvm/java-11-openjdk-amd64/lib/server/classes.jsa
8003b9000-800a96000 r--p 003ba000 08:10 87374                            /usr/lib/jvm/java-11-openjdk-amd64/lib/server/classes.jsa
800a96000-800a97000 rw-p 00a97000 08:10 87374                            /usr/lib/jvm/java-11-openjdk-amd64/lib/server/classes.jsa
800a97000-8010a5000 r--p 00a98000 08:10 87374                            /usr/lib/jvm/java-11-openjdk-amd64/lib/server/classes.jsa
840000000-8400e0000 rw-p 00000000 00:00 0 
8400e0000-880000000 ---p 00000000 00:00 0 
55aa7053e000-55aa7053f000 r--p 00000000 08:10 87664                      /usr/lib/jvm/java-11-openjdk-amd64/bin/javac
55aa7053f000-55aa70540000 r-xp 00001000 08:10 87664                      /usr/lib/jvm/java-11-openjdk-amd64/bin/javac
55aa70540000-55aa70541000 r--p 00002000 08:10 87664                      /usr/lib/jvm/java-11-openjdk-amd64/bin/javac
55aa70541000-55aa70542000 r--p 00002000 08:10 87664                      /usr/lib/jvm/java-11-openjdk-amd64/bin/javac
55aa70542000-55aa70543000 rw-p 00003000 08:10 87664                      /usr/lib/jvm/java-11-openjdk-amd64/bin/javac
55aa718ca000-55aa7190d000 rw-p 00000000 00:00 0                          [heap]
7fa794000000-7fa794021000 rw-p 00000000 00:00 0 
7fa794021000-7fa798000000 ---p 00000000 00:00 0 
7fa79c000000-7fa79c021000 rw-p 00000000 00:00 0 
7fa79c021000-7fa7a0000000 ---p 00000000 00:00 0 
7fa7a0000000-7fa7a0021000 rw-p 00000000 00:00 0 
7fa7a0021000-7fa7a4000000 ---p 00000000 00:00 0 
7fa7a4000000-7fa7a4021000 rw-p 00000000 00:00 0 
7fa7a4021000-7fa7a8000000 ---p 00000000 00:00 0 
7fa7a8000000-7fa7a809c000 rw-p 00000000 00:00 0 
7fa7a809c000-7fa7ac000000 ---p 00000000 00:00 0 
7fa7ac000000-7fa7ac10b000 rw-p 00000000 00:00 0 
7fa7ac10b000-7fa7b0000000 ---p 00000000 00:00 0 
7fa7b0000000-7fa7b0021000 rw-p 00000000 00:00 0 
7fa7b0021000-7fa7b4000000 ---p 00000000 00:00 0 
7fa7b4000000-7fa7b4021000 rw-p 00000000 00:00 0 
7fa7b4021000-7fa7b8000000 ---p 00000000 00:00 0 
7fa7b8000000-7fa7b8153000 rw-p 00000000 00:00 0 
7fa7b8153000-7fa7bc000000 ---p 00000000 00:00 0 
7fa7bc000000-7fa7bc021000 rw-p 00000000 00:00 0 
7fa7bc021000-7fa7c0000000 ---p 00000000 00:00 0 
7fa7c0000000-7fa7c0021000 rw-p 00000000 00:00 0 
7fa7c0021000-7fa7c4000000 ---p 00000000 00:00 0 
7fa7c4000000-7fa7c4021000 rw-p 00000000 00:00 0 
7fa7c4021000-7fa7c8000000 ---p 00000000 00:00 0 
7fa7c8000000-7fa7c8021000 rw-p 00000000 00:00 0 
7fa7c8021000-7fa7cc000000 ---p 00000000 00:00 0 
7fa7cc000000-7fa7cc021000 rw-p 00000000 00:00 0 
7fa7cc021000-7fa7d0000000 ---p 00000000 00:00 0 
7fa7d0000000-7fa7d0021000 rw-p 00000000 00:00 0 
7fa7d0021000-7fa7d4000000 ---p 00000000 00:00 0 
7fa7d6000000-7fa7d8000000 rw-p 00000000 00:00 0 
7fa7d8000000-7fa7d8021000 rw-p 00000000 00:00 0 
7fa7d8021000-7fa7dc000000 ---p 00000000 00:00 0 
7fa7dd6f8000-7fa7dd6f9000 ---p 00000000 00:00 0 
7fa7dd6f9000-7fa7dd7fa000 rw-p 00000000 00:00 0 
7fa7dd7fa000-7fa7dd7fb000 ---p 00000000 00:00 0 
7fa7dd7fb000-7fa7dd8fc000 rw-p 00000000 00:00 0 
7fa7dd8fc000-7fa7dd900000 ---p 00000000 00:00 0 
7fa7dd900000-7fa7dd9fd000 rw-p 00000000 00:00 0 
7fa7dd9fd000-7fa7dda01000 ---p 00000000 00:00 0 
7fa7dda01000-7fa7ddafe000 rw-p 00000000 00:00 0 
7fa7ddafe000-7fa7ddb02000 ---p 00000000 00:00 0 
7fa7ddb02000-7fa7ddbff000 rw-p 00000000 00:00 0 
7fa7ddbff000-7fa7ddc03000 ---p 00000000 00:00 0 
7fa7ddc03000-7fa7ddd20000 rw-p 00000000 00:00 0 
7fa7ddd20000-7fa7dfe78000 ---p 00000000 00:00 0 
7fa7dfe78000-7fa7dfe80000 rw-p 00000000 00:00 0 
7fa7dfe80000-7fa7e0e80000 ---p 00000000 00:00 0 
7fa7e0e80000-7fa7e0ea0000 rw-p 00000000 00:00 0 
7fa7e0ea0000-7fa7e2ff8000 ---p 00000000 00:00 0 
7fa7e2ff8000-7fa7e3000000 rw-p 00000000 00:00 0 
7fa7e3000000-7fa7e4000000 ---p 00000000 00:00 0 
7fa7e4000000-7fa7e4021000 rw-p 00000000 00:00 0 
7fa7e4021000-7fa7e8000000 ---p 00000000 00:00 0 
7fa7e807e000-7fa7e80af000 rw-p 00000000 00:00 0 
7fa7e80af000-7fa7e80b3000 ---p 00000000 00:00 0 
7fa7e80b3000-7fa7e81b0000 rw-p 00000000 00:00 0 
7fa7e81b0000-7fa7e81b4000 ---p 00000000 00:00 0 
7fa7e81b4000-7fa7e82b1000 rw-p 00000000 00:00 0 
7fa7e82b1000-7fa7e82b5000 ---p 00000000 00:00 0 
7fa7e82b5000-7fa7e83b2000 rw-p 00000000 00:00 0 
7fa7e83b2000-7fa7e8697000 r--p 00000000 08:10 87234                      /usr/lib/locale/locale-archive
7fa7e8697000-7fa7e869b000 ---p 00000000 00:00 0 
7fa7e869b000-7fa7e8798000 rw-p 00000000 00:00 0 
7fa7e8798000-7fa7e879c000 ---p 00000000 00:00 0 
7fa7e879c000-7fa7e8899000 rw-p 00000000 00:00 0 
7fa7e8899000-7fa7e8b09000 rwxp 00000000 00:00 0 
7fa7e8b09000-7fa7e8e2a000 ---p 00000000 00:00 0 
7fa7e8e2a000-7fa7e909a000 rwxp 00000000 00:00 0 
7fa7e909a000-7fa7f0361000 ---p 00000000 00:00 0 
7fa7f0361000-7fa7f05d1000 rwxp 00000000 00:00 0 
7fa7f05d1000-7fa7f7899000 ---p 00000000 00:00 0 
7fa7f7899000-7fa800000000 r--s 00000000 08:10 87367                      /usr/lib/jvm/java-11-openjdk-amd64/lib/modules
7fa800000000-7fa8002a0000 rw-p 00000000 00:00 0 
7fa8002a0000-7fa804000000 ---p 00000000 00:00 0 
7fa804001000-7fa804005000 r--p 00000000 08:10 87356                      /usr/lib/jvm/java-11-openjdk-amd64/lib/libnet.so
7fa804005000-7fa804014000 r-xp 00004000 08:10 87356                      /usr/lib/jvm/java-11-openjdk-amd64/lib/libnet.so
7fa804014000-7fa804018000 r--p 00013000 08:10 87356                      /usr/lib/jvm/java-11-openjdk-amd64/lib/libnet.so
7fa804018000-7fa804019000 r--p 00016000 08:10 87356                      /usr/lib/jvm/java-11-openjdk-amd64/lib/libnet.so
7fa804019000-7fa80401a000 rw-p 00017000 08:10 87356                      /usr/lib/jvm/java-11-openjdk-amd64/lib/libnet.so
7fa80401a000-7fa804021000 r--p 00000000 08:10 87357                      /usr/lib/jvm/java-11-openjdk-amd64/lib/libnio.so
7fa804021000-7fa804028000 r-xp 00007000 08:10 87357                      /usr/lib/jvm/java-11-openjdk-amd64/lib/libnio.so
7fa804028000-7fa80402b000 r--p 0000e000 08:10 87357                      /usr/lib/jvm/java-11-openjdk-amd64/lib/libnio.so
7fa80402b000-7fa80402c000 r--p 00010000 08:10 87357                      /usr/lib/jvm/java-11-openjdk-amd64/lib/libnio.so
7fa80402c000-7fa80402d000 rw-p 00011000 08:10 87357                      /usr/lib/jvm/java-11-openjdk-amd64/lib/libnio.so
7fa80402d000-7fa80402e000 ---p 00000000 00:00 0 
7fa80402e000-7fa8048b3000 rw-p 00000000 00:00 0 
7fa8048b3000-7fa804a33000 ---p 00000000 00:00 0 
7fa804a33000-7fa804a75000 rw-p 00000000 00:00 0 
7fa804a75000-7fa804a76000 ---p 00000000 00:00 0 
7fa804a76000-7fa804b77000 rw-p 00000000 00:00 0 
7fa804b77000-7fa804b78000 ---p 00000000 00:00 0 
7fa804b78000-7fa805683000 rw-p 00000000 00:00 0 
7fa805683000-7fa805684000 ---p 00000000 00:00 0 
7fa805684000-7fa805785000 rw-p 00000000 00:00 0 
7fa805785000-7fa805786000 ---p 00000000 00:00 0 
7fa805786000-7fa805958000 rw-p 00000000 00:00 0 
7fa805958000-7fa805d83000 ---p 00000000 00:00 0 
7fa805d83000-7fa805d84000 rw-p 00000000 00:00 0 
7fa805d84000-7fa805f84000 ---p 00000000 00:00 0 
7fa805f84000-7fa805f88000 rw-p 00000000 00:00 0 
7fa805f88000-7fa8063b3000 ---p 00000000 00:00 0 
7fa8063b3000-7fa8063b4000 rw-p 00000000 00:00 0 
7fa8063b4000-7fa8065b4000 ---p 00000000 00:00 0 
7fa8065b4000-7fa8065b8000 rw-p 00000000 00:00 0 
7fa8065b8000-7fa8069e3000 ---p 00000000 00:00 0 
7fa8069e3000-7fa8069e4000 rw-p 00000000 00:00 0 
7fa8069e4000-7fa806be4000 ---p 00000000 00:00 0 
7fa806be4000-7fa8075ee000 rw-p 00000000 00:00 0 
7fa8075ee000-7fa8075ef000 ---p 00000000 00:00 0 
7fa8075ef000-7fa8076f5000 rw-p 00000000 00:00 0 
7fa8076f5000-7fa8077db000 ---p 00000000 00:00 0 
7fa8077db000-7fa8077e0000 rw-p 00000000 00:00 0 
7fa8077e0000-7fa8078c6000 ---p 00000000 00:00 0 
7fa8078c6000-7fa8078cb000 rw-p 00000000 00:00 0 
7fa8078cb000-7fa8078d2000 ---p 00000000 00:00 0 
7fa8078d2000-7fa8078d4000 r--p 00000000 08:10 87366                      /usr/lib/jvm/java-11-openjdk-amd64/lib/libzip.so
7fa8078d4000-7fa8078d8000 r-xp 00002000 08:10 87366                      /usr/lib/jvm/java-11-openjdk-amd64/lib/libzip.so
7fa8078d8000-7fa8078da000 r--p 00006000 08:10 87366                      /usr/lib/jvm/java-11-openjdk-amd64/lib/libzip.so
7fa8078da000-7fa8078db000 r--p 00007000 08:10 87366                      /usr/lib/jvm/java-11-openjdk-amd64/lib/libzip.so
7fa8078db000-7fa8078dc000 rw-p 00008000 08:10 87366                      /usr/lib/jvm/java-11-openjdk-amd64/lib/libzip.so
7fa8078dc000-7fa8078df000 r--p 00000000 08:10 92219                      /lib/x86_64-linux-gnu/libnss_files-2.28.so
7fa8078df000-7fa8078e6000 r-xp 00003000 08:10 92219                      /lib/x86_64-linux-gnu/libnss_files-2.28.so
7fa8078e6000-7fa8078e8000 r--p 0000a000 08:10 92219                      /lib/x86_64-linux-gnu/libnss_files-2.28.so
7fa8078e8000-7fa8078e9000 ---p 0000c000 08:10 92219                      /lib/x86_64-linux-gnu/libnss_files-2.28.so
7fa8078e9000-7fa8078ea000 r--p 0000c000 08:10 92219                      /lib/x86_64-linux-gnu/libnss_files-2.28.so
7fa8078ea000-7fa8078eb000 rw-p 0000d000 08:10 92219                      /lib/x86_64-linux-gnu/libnss_files-2.28.so
7fa8078eb000-7fa8078f1000 rw-p 00000000 00:00 0 
7fa8078f1000-7fa8078f9000 rw-s 00000000 08:10 656914                     /tmp/hsperfdata_cleverwolf7/5330
7fa8078f9000-7fa8078fb000 r--p 00000000 08:10 87348                      /usr/lib/jvm/java-11-openjdk-amd64/lib/libjimage.so
7fa8078fb000-7fa8078fe000 r-xp 00002000 08:10 87348                      /usr/lib/jvm/java-11-openjdk-amd64/lib/libjimage.so
7fa8078fe000-7fa807900000 r--p 00005000 08:10 87348                      /usr/lib/jvm/java-11-openjdk-amd64/lib/libjimage.so
7fa807900000-7fa807901000 r--p 00006000 08:10 87348                      /usr/lib/jvm/java-11-openjdk-amd64/lib/libjimage.so
7fa807901000-7fa807902000 rw-p 00007000 08:10 87348                      /usr/lib/jvm/java-11-openjdk-amd64/lib/libjimage.so
7fa807902000-7fa807910000 r--p 00000000 08:10 87344                      /usr/lib/jvm/java-11-openjdk-amd64/lib/libjava.so
7fa807910000-7fa807925000 r-xp 0000e000 08:10 87344                      /usr/lib/jvm/java-11-openjdk-amd64/lib/libjava.so
7fa807925000-7fa80792c000 r--p 00023000 08:10 87344                      /usr/lib/jvm/java-11-openjdk-amd64/lib/libjava.so
7fa80792c000-7fa80792d000 r--p 00029000 08:10 87344                      /usr/lib/jvm/java-11-openjdk-amd64/lib/libjava.so
7fa80792d000-7fa80792e000 rw-p 0002a000 08:10 87344                      /usr/lib/jvm/java-11-openjdk-amd64/lib/libjava.so
7fa80792e000-7fa80792f000 rw-p 00000000 00:00 0 
7fa80792f000-7fa807934000 r--p 00000000 08:10 87365                      /usr/lib/jvm/java-11-openjdk-amd64/lib/libverify.so
7fa807934000-7fa80793b000 r-xp 00005000 08:10 87365                      /usr/lib/jvm/java-11-openjdk-amd64/lib/libverify.so
7fa80793b000-7fa80793d000 r--p 0000c000 08:10 87365                      /usr/lib/jvm/java-11-openjdk-amd64/lib/libverify.so
7fa80793d000-7fa80793f000 r--p 0000d000 08:10 87365                      /usr/lib/jvm/java-11-openjdk-amd64/lib/libverify.so
7fa80793f000-7fa807940000 rw-p 0000f000 08:10 87365                      /usr/lib/jvm/java-11-openjdk-amd64/lib/libverify.so
7fa807940000-7fa807942000 r--p 00000000 08:10 92244                      /lib/x86_64-linux-gnu/librt-2.28.so
7fa807942000-7fa807946000 r-xp 00002000 08:10 92244                      /lib/x86_64-linux-gnu/librt-2.28.so
7fa807946000-7fa807948000 r--p 00006000 08:10 92244                      /lib/x86_64-linux-gnu/librt-2.28.so
7fa807948000-7fa807949000 r--p 00007000 08:10 92244                      /lib/x86_64-linux-gnu/librt-2.28.so
7fa807949000-7fa80794a000 rw-p 00008000 08:10 92244                      /lib/x86_64-linux-gnu/librt-2.28.so
7fa80794a000-7fa80794e000 ---p 00000000 00:00 0 
7fa80794e000-7fa807a4b000 rw-p 00000000 00:00 0 
7fa807a4b000-7fa807a4e000 r--p 00000000 08:10 92185                      /lib/x86_64-linux-gnu/libgcc_s.so.1
7fa807a4e000-7fa807a5f000 r-xp 00003000 08:10 92185                      /lib/x86_64-linux-gnu/libgcc_s.so.1
7fa807a5f000-7fa807a62000 r--p 00014000 08:10 92185                      /lib/x86_64-linux-gnu/libgcc_s.so.1
7fa807a62000-7fa807a63000 ---p 00017000 08:10 92185                      /lib/x86_64-linux-gnu/libgcc_s.so.1
7fa807a63000-7fa807a64000 r--p 00017000 08:10 92185                      /lib/x86_64-linux-gnu/libgcc_s.so.1
7fa807a64000-7fa807a65000 rw-p 00018000 08:10 92185                      /lib/x86_64-linux-gnu/libgcc_s.so.1
7fa807a65000-7fa807a72000 r--p 00000000 08:10 92200                      /lib/x86_64-linux-gnu/libm-2.28.so
7fa807a72000-7fa807b11000 r-xp 0000d000 08:10 92200                      /lib/x86_64-linux-gnu/libm-2.28.so
7fa807b11000-7fa807be6000 r--p 000ac000 08:10 92200                      /lib/x86_64-linux-gnu/libm-2.28.so
7fa807be6000-7fa807be7000 r--p 00180000 08:10 92200                      /lib/x86_64-linux-gnu/libm-2.28.so
7fa807be7000-7fa807be8000 rw-p 00181000 08:10 92200                      /lib/x86_64-linux-gnu/libm-2.28.so
7fa807be8000-7fa807c71000 r--p 00000000 08:10 79667                      /usr/lib/x86_64-linux-gnu/libstdc++.so.6.0.25
7fa807c71000-7fa807d1d000 r-xp 00089000 08:10 79667                      /usr/lib/x86_64-linux-gnu/libstdc++.so.6.0.25
7fa807d1d000-7fa807d5b000 r--p 00135000 08:10 79667                      /usr/lib/x86_64-linux-gnu/libstdc++.so.6.0.25
7fa807d5b000-7fa807d5c000 ---p 00173000 08:10 79667                      /usr/lib/x86_64-linux-gnu/libstdc++.so.6.0.25
7fa807d5c000-7fa807d66000 r--p 00173000 08:10 79667                      /usr/lib/x86_64-linux-gnu/libstdc++.so.6.0.25
7fa807d66000-7fa807d68000 rw-p 0017d000 08:10 79667                      /usr/lib/x86_64-linux-gnu/libstdc++.so.6.0.25
7fa807d68000-7fa807d6c000 rw-p 00000000 00:00 0 
7fa807d6c000-7fa807fd9000 r--p 00000000 08:10 87376                      /usr/lib/jvm/java-11-openjdk-amd64/lib/server/libjvm.so
7fa807fd9000-7fa808b26000 r-xp 0026d000 08:10 87376                      /usr/lib/jvm/java-11-openjdk-amd64/lib/server/libjvm.so
7fa808b26000-7fa808d60000 r--p 00dba000 08:10 87376                      /usr/lib/jvm/java-11-openjdk-amd64/lib/server/libjvm.so
7fa808d60000-7fa808e1d000 r--p 00ff3000 08:10 87376                      /usr/lib/jvm/java-11-openjdk-amd64/lib/server/libjvm.so
7fa808e1d000-7fa808e56000 rw-p 010b0000 08:10 87376                      /usr/lib/jvm/java-11-openjdk-amd64/lib/server/libjvm.so
7fa808e56000-7fa808eaf000 rw-p 00000000 00:00 0 
7fa808eaf000-7fa808ed1000 r--p 00000000 08:10 92158                      /lib/x86_64-linux-gnu/libc-2.28.so
7fa808ed1000-7fa809019000 r-xp 00022000 08:10 92158                      /lib/x86_64-linux-gnu/libc-2.28.so
7fa809019000-7fa809065000 r--p 0016a000 08:10 92158                      /lib/x86_64-linux-gnu/libc-2.28.so
7fa809065000-7fa809066000 ---p 001b6000 08:10 92158                      /lib/x86_64-linux-gnu/libc-2.28.so
7fa809066000-7fa80906a000 r--p 001b6000 08:10 92158                      /lib/x86_64-linux-gnu/libc-2.28.so
7fa80906a000-7fa80906c000 rw-p 001ba000 08:10 92158                      /lib/x86_64-linux-gnu/libc-2.28.so
7fa80906c000-7fa809070000 rw-p 00000000 00:00 0 
7fa809070000-7fa809071000 r--p 00000000 08:10 92173                      /lib/x86_64-linux-gnu/libdl-2.28.so
7fa809071000-7fa809072000 r-xp 00001000 08:10 92173                      /lib/x86_64-linux-gnu/libdl-2.28.so
7fa809072000-7fa809073000 r--p 00002000 08:10 92173                      /lib/x86_64-linux-gnu/libdl-2.28.so
7fa809073000-7fa809074000 r--p 00002000 08:10 92173                      /lib/x86_64-linux-gnu/libdl-2.28.so
7fa809074000-7fa809075000 rw-p 00003000 08:10 92173                      /lib/x86_64-linux-gnu/libdl-2.28.so
7fa809075000-7fa809078000 r--p 00000000 08:10 87382                      /usr/lib/jvm/java-11-openjdk-amd64/lib/jli/libjli.so
7fa809078000-7fa809082000 r-xp 00003000 08:10 87382                      /usr/lib/jvm/java-11-openjdk-amd64/lib/jli/libjli.so
7fa809082000-7fa809085000 r--p 0000d000 08:10 87382                      /usr/lib/jvm/java-11-openjdk-amd64/lib/jli/libjli.so
7fa809085000-7fa809086000 ---p 00010000 08:10 87382                      /usr/lib/jvm/java-11-openjdk-amd64/lib/jli/libjli.so
7fa809086000-7fa809087000 r--p 00010000 08:10 87382                      /usr/lib/jvm/java-11-openjdk-amd64/lib/jli/libjli.so
7fa809087000-7fa809088000 rw-p 00011000 08:10 87382                      /usr/lib/jvm/java-11-openjdk-amd64/lib/jli/libjli.so
7fa809088000-7fa80908e000 r--p 00000000 08:10 92238                      /lib/x86_64-linux-gnu/libpthread-2.28.so
7fa80908e000-7fa80909d000 r-xp 00006000 08:10 92238                      /lib/x86_64-linux-gnu/libpthread-2.28.so
7fa80909d000-7fa8090a3000 r--p 00015000 08:10 92238                      /lib/x86_64-linux-gnu/libpthread-2.28.so
7fa8090a3000-7fa8090a4000 r--p 0001a000 08:10 92238                      /lib/x86_64-linux-gnu/libpthread-2.28.so
7fa8090a4000-7fa8090a5000 rw-p 0001b000 08:10 92238                      /lib/x86_64-linux-gnu/libpthread-2.28.so
7fa8090a5000-7fa8090a9000 rw-p 00000000 00:00 0 
7fa8090a9000-7fa8090c5000 r-xp 00000000 08:10 92268                      /lib/x86_64-linux-gnu/libz.so.1.2.11
7fa8090c5000-7fa8092c5000 ---p 0001c000 08:10 92268                      /lib/x86_64-linux-gnu/libz.so.1.2.11
7fa8092c5000-7fa8092c6000 r--p 0001c000 08:10 92268                      /lib/x86_64-linux-gnu/libz.so.1.2.11
7fa8092c6000-7fa8092c7000 rw-p 0001d000 08:10 92268                      /lib/x86_64-linux-gnu/libz.so.1.2.11
7fa8092c7000-7fa8092c9000 rw-p 00000000 00:00 0 
7fa8092cd000-7fa8092cf000 r--s 00007000 08:10 18352                      /usr/share/java/java-atk-wrapper.jar
7fa8092cf000-7fa8092d0000 ---p 00000000 00:00 0 
7fa8092d0000-7fa8092d1000 r--p 00000000 00:00 0 
7fa8092d1000-7fa8092d2000 r--p 00000000 08:10 92143                      /lib/x86_64-linux-gnu/ld-2.28.so
7fa8092d2000-7fa8092f0000 r-xp 00001000 08:10 92143                      /lib/x86_64-linux-gnu/ld-2.28.so
7fa8092f0000-7fa8092f8000 r--p 0001f000 08:10 92143                      /lib/x86_64-linux-gnu/ld-2.28.so
7fa8092f8000-7fa8092f9000 r--p 00026000 08:10 92143                      /lib/x86_64-linux-gnu/ld-2.28.so
7fa8092f9000-7fa8092fa000 rw-p 00027000 08:10 92143                      /lib/x86_64-linux-gnu/ld-2.28.so
7fa8092fa000-7fa8092fb000 rw-p 00000000 00:00 0 
7ffc929ff000-7ffc92a20000 rw-p 00000000 00:00 0                          [stack]
7ffc92a60000-7ffc92a63000 r--p 00000000 00:00 0                          [vvar]
7ffc92a63000-7ffc92a65000 r-xp 00000000 00:00 0                          [vdso]


VM Arguments:
jvm_args: -Dapplication.home=/usr/lib/jvm/java-11-openjdk-amd64 --add-modules=ALL-DEFAULT -Xms8m -Djdk.module.main=jdk.compiler 
java_command: jdk.compiler/com.sun.tools.javac.Main test.java
java_class_path (initial): <not set>
Launcher Type: SUN_STANDARD

[Global flags]
     intx CICompilerCount                          = 4                                         {product} {ergonomic}
     uint ConcGCThreads                            = 3                                         {product} {ergonomic}
     uint G1ConcRefinementThreads                  = 10                                        {product} {ergonomic}
   size_t G1HeapRegionSize                         = 1048576                                   {product} {ergonomic}
    uintx GCDrainStackTargetSize                   = 64                                        {product} {ergonomic}
   size_t InitialHeapSize                          = 8388608                                   {product} {command line}
   size_t MarkStackSize                            = 4194304                                   {product} {ergonomic}
   size_t MaxHeapSize                              = 3321888768                                {product} {ergonomic}
   size_t MaxNewSize                               = 1992294400                                {product} {ergonomic}
   size_t MinHeapDeltaBytes                        = 1048576                                   {product} {ergonomic}
    uintx NonNMethodCodeHeapSize                   = 5836300                                {pd product} {ergonomic}
    uintx NonProfiledCodeHeapSize                  = 122910970                              {pd product} {ergonomic}
    uintx ProfiledCodeHeapSize                     = 122910970                              {pd product} {ergonomic}
    uintx ReservedCodeCacheSize                    = 251658240                              {pd product} {ergonomic}
     bool SegmentedCodeCache                       = true                                      {product} {ergonomic}
     bool UseCompressedClassPointers               = true                                 {lp64_product} {ergonomic}
     bool UseCompressedOops                        = true                                 {lp64_product} {ergonomic}
     bool UseG1GC                                  = true                                      {product} {ergonomic}

Logging:
Log output configuration:
 #0: stdout all=warning uptime,level,tags
 #1: stderr all=off uptime,level,tags

Environment Variables:
PATH=/home/cleverwolf7/officeHoursNPMScript/src/node_modules/.bin:/home/linuxbrew/.linuxbrew/bin:/home/linuxbrew/.linuxbrew/sbin:/home/cleverwolf7/.local/bin:/home/cleverwolf7/.deno/bin:/usr/local/bin:/usr/bin:/bin:/usr/local/games:/usr/games:/snap/bin
SHELL=/bin/bash
HOSTTYPE=x86_64
LANG=en_US.UTF-8

Signal Handlers:
SIGSEGV: [libjvm.so+0xd469b0], sa_mask[0]=11111111011111111101111111111110, sa_flags=SA_RESTART|SA_SIGINFO
SIGBUS: [libjvm.so+0xd469b0], sa_mask[0]=11111111011111111101111111111110, sa_flags=SA_RESTART|SA_SIGINFO
SIGFPE: [libjvm.so+0xd469b0], sa_mask[0]=11111111011111111101111111111110, sa_flags=SA_RESTART|SA_SIGINFO
SIGPIPE: [libjvm.so+0xb48950], sa_mask[0]=11111111011111111101111111111110, sa_flags=SA_RESTART|SA_SIGINFO
SIGXFSZ: [libjvm.so+0xb48950], sa_mask[0]=11111111011111111101111111111110, sa_flags=SA_RESTART|SA_SIGINFO
SIGILL: [libjvm.so+0xd469b0], sa_mask[0]=11111111011111111101111111111110, sa_flags=SA_RESTART|SA_SIGINFO
SIGUSR2: [libjvm.so+0xb487e0], sa_mask[0]=00000000000000000000000000000000, sa_flags=SA_RESTART|SA_SIGINFO
SIGHUP: [libjvm.so+0xb48c90], sa_mask[0]=11111111011111111101111111111110, sa_flags=SA_RESTART|SA_SIGINFO
SIGINT: [libjvm.so+0xb48c90], sa_mask[0]=11111111011111111101111111111110, sa_flags=SA_RESTART|SA_SIGINFO
SIGTERM: [libjvm.so+0xb48c90], sa_mask[0]=11111111011111111101111111111110, sa_flags=SA_RESTART|SA_SIGINFO
SIGQUIT: [libjvm.so+0xb48c90], sa_mask[0]=11111111011111111101111111111110, sa_flags=SA_RESTART|SA_SIGINFO


---------------  S Y S T E M  ---------------

OS:PRETTY_NAME="Debian GNU/Linux 10 (buster)"
NAME="Debian GNU/Linux"
VERSION_ID="10"
VERSION="10 (buster)"
VERSION_CODENAME=buster
ID=debian
HOME_URL="https://www.debian.org/"
SUPPORT_URL="https://www.debian.org/support"
BUG_REPORT_URL="https://bugs.debian.org/"
uname:Linux 4.19.128-microsoft-standard #1 SMP Tue Jun 23 12:58:10 UTC 2020 x86_64
OS uptime: 0 days 9:17 hours
libc:glibc 2.28 NPTL 2.28 
rlimit (soft/hard): STACK 8192k/infinity , CORE 0k/infinity , NPROC 50655/50655 , NOFILE 4096/4096 , AS infinity/infinity , CPU infinity/infinity , DATA infinity/infinity , FSIZE infinity/infinity , MEMLOCK 64k/64k
load average:0.11 0.18 0.09

/proc/meminfo:
MemTotal:       12972744 kB
MemFree:        12456356 kB
MemAvailable:   12551680 kB
Buffers:          132140 kB
Cached:           181184 kB
SwapCached:            0 kB
Active:           354688 kB
Inactive:          35584 kB
Active(anon):      77004 kB
Inactive(anon):        8 kB
Active(file):     277684 kB
Inactive(file):    35576 kB
Unevictable:           0 kB
Mlocked:               0 kB
SwapTotal:       4194304 kB
SwapFree:        4194304 kB
Dirty:               288 kB
Writeback:             0 kB
AnonPages:         77016 kB
Mapped:            60132 kB
Shmem:                72 kB
Slab:              56552 kB
SReclaimable:      35600 kB
SUnreclaim:        20952 kB
KernelStack:        3492 kB
PageTables:         2280 kB
NFS_Unstable:          0 kB
Bounce:                0 kB
WritebackTmp:          0 kB
CommitLimit:    10680676 kB
Committed_AS:     345248 kB
VmallocTotal:   34359738367 kB
VmallocUsed:           0 kB
VmallocChunk:          0 kB
Percpu:             3776 kB
AnonHugePages:     22528 kB
ShmemHugePages:        0 kB
ShmemPmdMapped:        0 kB
HugePages_Total:       0
HugePages_Free:        0
HugePages_Rsvd:        0
HugePages_Surp:        0
Hugepagesize:       2048 kB
Hugetlb:               0 kB
DirectMap4k:       48128 kB
DirectMap2M:     3815424 kB
DirectMap1G:     9437184 kB

/sys/kernel/mm/transparent_hugepage/enabled:
[always] madvise never
/sys/kernel/mm/transparent_hugepage/defrag (defrag/compaction efforts parameter):
always defer defer+madvise [madvise] never

/proc/sys/kernel/threads-max (system-wide limit on the number of threads):
101311
/proc/sys/vm/max_map_count (maximum number of memory map areas a process may have):
65530
/proc/sys/kernel/pid_max (system-wide limit on number of process identifiers):
32768

container (cgroup) information:
container_type: cgroupv1
cpu_cpuset_cpus: 0-11
cpu_memory_nodes: 0
active_processor_count: 12
cpu_quota: -1
cpu_period: 100000
cpu_shares: -1
memory_limit_in_bytes: -1
memory_and_swap_limit_in_bytes: -1
memory_soft_limit_in_bytes: -1
memory_usage_in_bytes: 399568896
memory_max_usage_in_bytes: 304308224

HyperV virtualization detected
Steal ticks since vm start: 0
Steal ticks percentage since vm start:  0.000

CPU:total 12 (initial active 12) (8 cores per cpu, 2 threads per core) family 6 model 158 stepping 10, cmov, cx8, fxsr, mmx, sse, sse2, sse3, ssse3, sse4.1, sse4.2, popcnt, avx, avx2, aes, clmul, erms, 3dnowpref, lzcnt, ht, tsc, bmi1, bmi2, adx, fma
CPU Model and flags from /proc/cpuinfo:
model name	: Intel(R) Core(TM) i7-8750H CPU @ 2.20GHz
flags		: fpu vme de pse tsc msr pae mce cx8 apic sep mtrr pge mca cmov pat pse36 clflush mmx fxsr sse sse2 ss ht syscall nx pdpe1gb rdtscp lm constant_tsc rep_good nopl xtopology cpuid pni pclmulqdq ssse3 fma cx16 pcid sse4_1 sse4_2 movbe popcnt aes xsave avx f16c rdrand hypervisor lahf_lm abm 3dnowprefetch invpcid_single pti ssbd ibrs ibpb stibp fsgsbase bmi1 avx2 smep bmi2 erms invpcid rdseed adx smap clflushopt xsaveopt xsavec xgetbv1 xsaves flush_l1d arch_capabilities
Online cpus:
0-11
Offline cpus:

BIOS frequency limitation:
<Not Available>
Frequency switch latency (ns):
<Not Available>
Available cpu frequencies:
<Not Available>
Current governor:
<Not Available>
Core performance/turbo boost:
<Not Available>

Memory: 4k page, physical 12972744k(12450472k free), swap 4194304k(4194304k free)

vm_info: OpenJDK 64-Bit Server VM (11.0.9+11-post-Debian-1deb10u1) for linux-amd64 JRE (11.0.9+11-post-Debian-1deb10u1), built on Oct 22 2020 14:49:15 by "unknown" with gcc 8.3.0

END.
