#
# A fatal error has been detected by the Java Runtime Environment:
#
#  SIGSEGV (0xb) at pc=0x00007f0325c2e818, pid=5028, tid=5028
#
# JRE version: OpenJDK Runtime Environment (11.0.9+11) (build 11.0.9+11-post-Debian-1deb10u1)
# Java VM: OpenJDK 64-Bit Server VM (11.0.9+11-post-Debian-1deb10u1, mixed mode, sharing, tiered, compressed oops, g1 gc, linux-amd64)
# Problematic frame:
# V  [libjvm.so+0xb48818]
#
# No core dump will be written. Core dumps have been disabled. To enable core dumping, try "ulimit -c unlimited" before starting Java again
#
# If you would like to submit a bug report, please visit:
#   https://bugs.debian.org/openjdk-11
#

---------------  S U M M A R Y ------------

Command Line: -Dapplication.home=/usr/lib/jvm/java-11-openjdk-amd64 --add-modules=ALL-DEFAULT -Xms8m -Djdk.module.main=jdk.compiler jdk.compiler/com.sun.tools.javac.Main test.java

Host: Intel(R) Core(TM) i7-8750H CPU @ 2.20GHz, 12 cores, 12G, Debian GNU/Linux 10 (buster)
Time: Wed Jan 20 22:38:00 2021 EST elapsed time: 0.112574 seconds (0d 0h 0m 0s)

---------------  T H R E A D  ---------------

Current thread is native thread

Stack: [0x00007ffe3e941000,0x00007ffe3f141000],  sp=0x00007ffe3f13b870,  free space=8170k
Native frames: (J=compiled Java code, A=aot compiled Java code, j=interpreted, Vv=VM code, C=native code)
V  [libjvm.so+0xb48818]
C  [libpthread.so.0+0x12730]


siginfo: si_signo: 11 (SIGSEGV), si_code: 1 (SEGV_MAPERR), si_addr: 0x00000000000000d0

Register to memory mapping:

RAX=0x0 is NULL
RBX=
[error occurred during error reporting (printing register info), id 0xb, SIGSEGV (0xb) at pc=0x00007f0325dcfb98]

Registers:
RAX=0x0000000000000000, RBX=0x00007f0326228080, RCX=0x00007f032640b495, RDX=0x0000000000000000
RSP=0x00007ffe3f13b870, RBP=0x00007ffe3f13b930, RSI=0x00007ffe3f13ba70, RDI=0x0000000000000001
R8 =0x00000000000000ca, R9 =0x00007f0324dc49d0, R10=0x0000000000000000, R11=0x0000000000000246
R12=0x0000000000000000, R13=0x00007ffe3f13ba70, R14=0x00007ffe3f13b940, R15=0x0000000000000001
RIP=0x00007f0325c2e818, EFLAGS=0x0000000000010246, CSGSFS=0x002b000000000033, ERR=0x0000000000000004
  TRAPNO=0x000000000000000e

Top of Stack: (sp=0x00007ffe3f13b870)
0x00007ffe3f13b870:   000000000000065a 00007f032623aca0
0x00007ffe3f13b880:   00007f0326642460 00007ffe3f13b908
0x00007ffe3f13b890:   00007ffe3f13b904 00007f032665485e
0x00007ffe3f13b8a0:   00007f0300000000 00007f032623aca0 

Instructions: (pc=0x00007f0325c2e818)
0x00007f0325c2e718:   ef 4c 89 f2 48 89 de e8 fc 49 72 ff 4c 89 e7 e8
0x00007f0325c2e728:   44 4d 72 ff 48 81 c4 08 01 00 00 5b 41 5c 41 5d
0x00007f0325c2e738:   41 5e 41 5f 5d c3 66 90 4c 89 e2 be 00 01 00 00
0x00007f0325c2e748:   48 89 df e8 a0 4f 72 ff 48 85 c0 74 ac 48 8d 35
0x00007f0325c2e758:   23 7f 2e 00 48 89 df e8 7c 4d 72 ff 48 85 c0 75
0x00007f0325c2e768:   1f 48 8d 35 24 7f 2e 00 48 89 df e8 68 4d 72 ff
0x00007f0325c2e778:   48 85 c0 0f 84 80 ff ff ff 0f 1f 80 00 00 00 00
0x00007f0325c2e788:   be 22 00 00 00 48 89 df e8 db 4d 72 ff 48 85 c0
0x00007f0325c2e798:   74 26 48 8d 58 01 be 22 00 00 00 48 89 df e8 c5
0x00007f0325c2e7a8:   4d 72 ff 48 85 c0 0f 85 5f ff ff ff e9 5d ff ff
0x00007f0325c2e7b8:   ff 0f 1f 80 00 00 00 00 48 89 df be 3d 00 00 00
0x00007f0325c2e7c8:   e8 a3 4d 72 ff 48 8d 58 01 e9 2b ff ff ff 66 2e
0x00007f0325c2e7d8:   0f 1f 84 00 00 00 00 00 55 48 89 e5 41 57 41 56
0x00007f0325c2e7e8:   49 89 d6 41 55 49 89 f5 41 54 53 48 81 ec 98 00
0x00007f0325c2e7f8:   00 00 e8 a1 54 72 ff 48 89 c3 44 8b 20 e8 e6 fc
0x00007f0325c2e808:   19 00 31 d2 84 c0 74 08 e8 eb fc 19 00 48 89 c2
0x00007f0325c2e818:   48 83 ba d0 00 00 00 00 74 16 4c 8b ba 68 02 00
0x00007f0325c2e828:   00 41 8b 87 a8 00 00 00 83 f8 01 74 1b 44 89 23
0x00007f0325c2e838:   48 81 c4 98 00 00 00 5b 41 5c 41 5d 41 5e 41 5f
0x00007f0325c2e848:   5d c3 66 0f 1f 44 00 00 4c 89 ad 48 ff ff ff ba
0x00007f0325c2e858:   02 00 00 00 be 01 00 00 00 f3 0f 7e 85 48 ff ff
0x00007f0325c2e868:   ff 4c 89 b5 48 ff ff ff 4d 8d af a8 00 00 00 4c
0x00007f0325c2e878:   89 ef 0f 16 85 48 ff ff ff 41 0f 11 87 b0 00 00
0x00007f0325c2e888:   00 e8 d2 bd ff ff 83 f8 02 74 3d 85 c0 75 11 66
0x00007f0325c2e898:   0f ef c0 41 0f 11 87 b0 00 00 00 eb 90 0f 1f 00
0x00007f0325c2e8a8:   48 8d 05 d9 d1 56 00 be aa 11 00 00 48 8d 3d f5
0x00007f0325c2e8b8:   87 2e 00 48 8b 00 c6 00 58 e8 5a f1 ad ff eb cf
0x00007f0325c2e8c8:   0f 1f 84 00 00 00 00 00 4c 8d b5 50 ff ff ff 4c
0x00007f0325c2e8d8:   89 f7 e8 31 50 72 ff 4c 89 f2 31 f6 31 ff e8 35
0x00007f0325c2e8e8:   51 72 ff 8b 35 ff 72 58 00 4c 89 f7 e8 d7 4c 72
0x00007f0325c2e8f8:   ff be 01 00 00 00 48 8d 3d 9b b0 5c 00 e8 86 70
0x00007f0325c2e908:   0c 00 66 0f 1f 44 00 00 4c 89 f7 e8 e8 53 72 ff 


Stack slot to memory mapping:
stack at sp + 0 slots: 
[error occurred during error reporting (inspecting top of stack), id 0xb, SIGSEGV (0xb) at pc=0x00007f0325dcfb98]


---------------  P R O C E S S  ---------------

VM state:not at safepoint (normal execution)

VM Mutex/Monitor currently owned by a thread: None

Heap address: 0x000000073a000000, size: 3168 MB, Compressed Oops mode: Zero based, Oop shift amount: 3
Narrow klass base: 0x0000000800000000, Narrow klass shift: 3
Compressed class space size: 1073741824 Address: 0x0000000840000000

Heap:
 garbage-first heap   total 10240K, used 1736K [0x000000073a000000, 0x0000000800000000)
  region size 1024K, 2 young (2048K), 0 survivors (0K)
 Metaspace       used 1234K, capacity 5224K, committed 5376K, reserved 1056768K
  class space    used 139K, capacity 488K, committed 512K, reserved 1048576K
Heap Regions: E=young(eden), S=young(survivor), O=old, HS=humongous(starts), HC=humongous(continues), CS=collection set, F=free, A=archive, TAMS=top-at-mark-start (previous, next)
|   0|0x000000073a000000, 0x000000073a000000, 0x000000073a100000|  0%| F|  |TAMS 0x000000073a000000, 0x000000073a000000| Untracked 
|   1|0x000000073a100000, 0x000000073a100000, 0x000000073a200000|  0%| F|  |TAMS 0x000000073a100000, 0x000000073a100000| Untracked 
|   2|0x000000073a200000, 0x000000073a200000, 0x000000073a300000|  0%| F|  |TAMS 0x000000073a200000, 0x000000073a200000| Untracked 
|   3|0x000000073a300000, 0x000000073a300000, 0x000000073a400000|  0%| F|  |TAMS 0x000000073a300000, 0x000000073a300000| Untracked 
|   4|0x000000073a400000, 0x000000073a400000, 0x000000073a500000|  0%| F|  |TAMS 0x000000073a400000, 0x000000073a400000| Untracked 
|   5|0x000000073a500000, 0x000000073a500000, 0x000000073a600000|  0%| F|  |TAMS 0x000000073a500000, 0x000000073a500000| Untracked 
|   6|0x000000073a600000, 0x000000073a6c8f98, 0x000000073a700000| 78%| E|  |TAMS 0x000000073a600000, 0x000000073a600000| Complete 
|   7|0x000000073a700000, 0x000000073a800000, 0x000000073a800000|100%| E|CS|TAMS 0x000000073a700000, 0x000000073a700000| Complete 
|2142|0x00000007bfe00000, 0x00000007bfe47000, 0x00000007bff00000| 27%|OA|  |TAMS 0x00000007bfe00000, 0x00000007bfe00000| Untracked 
|2143|0x00000007bff00000, 0x00000007bff6b000, 0x00000007c0000000| 41%|CA|  |TAMS 0x00000007bff00000, 0x00000007bff00000| Untracked 

Card table byte_map: [0x00007f03039d0000,0x00007f0304000000] _byte_map_base: 0x00007f0300000000

Marking Bits (Prev, Next): (CMBitMap*) 0x00007f032006d768, (CMBitMap*) 0x00007f032006d7a0
 Prev Bits: [0x00007f0300220000, 0x00007f03033a0000)
 Next Bits: [0x00007f02fd0a0000, 0x00007f0300220000)

Polling page: 0x00007f0326649000

Metaspace:

Usage:
  Non-class:      4.62 MB capacity,     1.07 MB ( 23%) used,     3.55 MB ( 77%) free+waste,     3.69 KB ( <1%) overhead. 
      Class:    520.00 KB capacity,   140.46 KB ( 27%) used,   377.23 KB ( 73%) free+waste,     2.31 KB ( <1%) overhead. 
       Both:      5.13 MB capacity,     1.21 MB ( 24%) used,     3.92 MB ( 76%) free+waste,     6.00 KB ( <1%) overhead. 

Virtual space:
  Non-class space:        8.00 MB reserved,       4.75 MB ( 59%) committed 
      Class space:        1.00 GB reserved,     640.00 KB ( <1%) committed 
             Both:        1.01 GB reserved,       5.38 MB ( <1%) committed 

Chunk freelists:
   Non-Class:  0 bytes
       Class:  24.00 KB
        Both:  24.00 KB

MaxMetaspaceSize: unlimited
CompressedClassSpaceSize: 1.00 GB

CodeHeap 'non-profiled nmethods': size=120032Kb used=74Kb max_used=74Kb free=119957Kb
 bounds [0x00007f0310361000, 0x00007f03105d1000, 0x00007f0317899000]
CodeHeap 'profiled nmethods': size=120028Kb used=364Kb max_used=364Kb free=119663Kb
 bounds [0x00007f0308e2a000, 0x00007f030909a000, 0x00007f0310361000]
CodeHeap 'non-nmethods': size=5700Kb used=1043Kb max_used=1043Kb free=4656Kb
 bounds [0x00007f0308899000, 0x00007f0308b09000, 0x00007f0308e2a000]
 total_blobs=624 nmethods=287 adapters=250
 compilation: enabled
              stopped_count=0, restarted_count=0
 full_count=0

Compilation events (20 events):
Event: 0.104 Thread 0x00007f03200f7800 nmethod 269 0x00007f0310372f90 code [0x00007f0310373140, 0x00007f0310373210]
Event: 0.104 Thread 0x00007f03200f7800  268       3       java.lang.Object::equals (11 bytes)
Event: 0.105 Thread 0x00007f03200f7800 nmethod 268 0x00007f0308e7d790 code [0x00007f0308e7d940, 0x00007f0308e7dab0]
Event: 0.105 Thread 0x00007f03200f7800  272       3       java.util.concurrent.ConcurrentHashMap$Node::<init> (20 bytes)
Event: 0.105 Thread 0x00007f03200f7800 nmethod 272 0x00007f0308e7db10 code [0x00007f0308e7dcc0, 0x00007f0308e7df10]
Event: 0.105 Thread 0x00007f02cc05e800  273       4       java.util.concurrent.ConcurrentHashMap::casTabAt (21 bytes)
Event: 0.106 Thread 0x00007f02cc05e800 nmethod 273 0x00007f0310373290 code [0x00007f0310373420, 0x00007f0310373558]
Event: 0.107 Thread 0x00007f03200f7800  274       3       java.lang.invoke.MethodType::parameterCount (6 bytes)
Event: 0.107 Thread 0x00007f03200f7800 nmethod 274 0x00007f0308e7e010 code [0x00007f0308e7e1c0, 0x00007f0308e7e2f0]
Event: 0.109 Thread 0x00007f03200f7800  277   !   3       java.lang.invoke.MemberName::getMethodType (203 bytes)
Event: 0.110 Thread 0x00007f03200f7800 nmethod 277 0x00007f0308e7e390 code [0x00007f0308e7e680, 0x00007f0308e7fd50]
Event: 0.110 Thread 0x00007f03200f7800  280       3       java.lang.StringBuilder::append (8 bytes)
Event: 0.110 Thread 0x00007f03200f7800 nmethod 280 0x00007f0308e80310 code [0x00007f0308e804c0, 0x00007f0308e80620]
Event: 0.110 Thread 0x00007f03200f7800  281       3       java.lang.AbstractStringBuilder::append (77 bytes)
Event: 0.110 Thread 0x00007f03200f7800 nmethod 281 0x00007f0308e80710 code [0x00007f0308e80940, 0x00007f0308e80fe0]
Event: 0.110 Thread 0x00007f03200f7800  279       3       java.lang.Character::charCount (12 bytes)
Event: 0.110 Thread 0x00007f03200f7800 nmethod 279 0x00007f0308e81290 code [0x00007f0308e81440, 0x00007f0308e81570]
Event: 0.110 Thread 0x00007f03200f7800  278       3       java.lang.invoke.MethodType::equals (29 bytes)
Event: 0.110 Thread 0x00007f03200f7800 nmethod 278 0x00007f0308e81610 code [0x00007f0308e81800, 0x00007f0308e81d40]
Event: 0.112 Thread 0x00007f03200f7800  282       3       java.lang.invoke.MethodType$ConcurrentWeakInternSet$WeakEntry::<init> (14 bytes)

GC Heap History (0 events):
No events

Deoptimization events (4 events):
Event: 0.110 Thread 0x00007f0320016000 Uncommon trap: trap_request=0xffffff4d fr.pc=0x00007f031036fa10 relative=0x0000000000000070
Event: 0.110 Thread 0x00007f0320016000 Uncommon trap: reason=unstable_if action=reinterpret pc=0x00007f031036fa10 method=java.nio.Buffer.hasRemaining()Z @ 8 c2
Event: 0.110 Thread 0x00007f0320016000 DEOPT PACKING pc=0x00007f031036fa10 sp=0x00007f0324dbdbf0
Event: 0.110 Thread 0x00007f0320016000 DEOPT UNPACKING pc=0x00007f03088bf8a5 sp=0x00007f0324dbdba8 mode 2

Classes redefined (0 events):
No events

Internal exceptions (0 events):
No events

Events (20 events):
Event: 0.097 loading class com/sun/tools/javac/util/Context
Event: 0.097 loading class com/sun/tools/javac/util/Context done
Event: 0.097 loading class sun/invoke/util/VerifyAccess$1
Event: 0.097 loading class sun/invoke/util/VerifyAccess$1 done
Event: 0.097 loading class com/sun/tools/javac/util/Context
Event: 0.097 loading class com/sun/tools/javac/util/Context done
Event: 0.097 loading class com/sun/tools/javac/util/Context$Factory
Event: 0.097 loading class com/sun/tools/javac/util/Context$Factory done
Event: 0.101 loading class java/util/MissingResourceException
Event: 0.101 loading class java/util/MissingResourceException done
Event: 0.101 loading class java/lang/InternalError
Event: 0.101 loading class java/lang/InternalError done
Event: 0.101 loading class java/lang/IndexOutOfBoundsException
Event: 0.101 loading class java/lang/IndexOutOfBoundsException done
Event: 0.102 loading class java/util/NoSuchElementException
Event: 0.102 loading class java/util/NoSuchElementException done
Event: 0.102 loading class com/sun/tools/javac/util/JavacMessages$ResourceBundleHelper
Event: 0.102 loading class com/sun/tools/javac/util/JavacMessages$ResourceBundleHelper done
Event: 0.103 loading class com/sun/tools/javac/resources/spi/compilerProvider
Event: 0.103 loading class com/sun/tools/javac/resources/spi/compilerProvider done


Dynamic libraries:
73a000000-73a800000 rw-p 00000000 00:00 0 
73a800000-7bfe00000 ---p 00000000 00:00 0 
7bfe00000-7bfe47000 rw-p 01111000 08:10 87374                            /usr/lib/jvm/java-11-openjdk-amd64/lib/server/classes.jsa
7bfe47000-7bff00000 rw-p 00000000 00:00 0 
7bff00000-7bff6b000 rw-p 010a6000 08:10 87374                            /usr/lib/jvm/java-11-openjdk-amd64/lib/server/classes.jsa
7bff6b000-7c0000000 rw-p 00000000 00:00 0 
7c0000000-800000000 ---p 00000000 00:00 0 
800000000-800002000 rwxp 00001000 08:10 87374                            /usr/lib/jvm/java-11-openjdk-amd64/lib/server/classes.jsa
800002000-8003b9000 rw-p 00003000 08:10 87374                            /usr/lib/jvm/java-11-openjdk-amd64/lib/server/classes.jsa
8003b9000-800a96000 r--p 003ba000 08:10 87374                            /usr/lib/jvm/java-11-openjdk-amd64/lib/server/classes.jsa
800a96000-800a97000 rw-p 00a97000 08:10 87374                            /usr/lib/jvm/java-11-openjdk-amd64/lib/server/classes.jsa
800a97000-8010a5000 r--p 00a98000 08:10 87374                            /usr/lib/jvm/java-11-openjdk-amd64/lib/server/classes.jsa
840000000-8400a0000 rw-p 00000000 00:00 0 
8400a0000-880000000 ---p 00000000 00:00 0 
55d555a3d000-55d555a3e000 r--p 00000000 08:10 87664                      /usr/lib/jvm/java-11-openjdk-amd64/bin/javac
55d555a3e000-55d555a3f000 r-xp 00001000 08:10 87664                      /usr/lib/jvm/java-11-openjdk-amd64/bin/javac
55d555a3f000-55d555a40000 r--p 00002000 08:10 87664                      /usr/lib/jvm/java-11-openjdk-amd64/bin/javac
55d555a40000-55d555a41000 r--p 00002000 08:10 87664                      /usr/lib/jvm/java-11-openjdk-amd64/bin/javac
55d555a41000-55d555a42000 rw-p 00003000 08:10 87664                      /usr/lib/jvm/java-11-openjdk-amd64/bin/javac
55d557638000-55d55767b000 rw-p 00000000 00:00 0                          [heap]
7f02bc000000-7f02bc021000 rw-p 00000000 00:00 0 
7f02bc021000-7f02c0000000 ---p 00000000 00:00 0 
7f02c0000000-7f02c0021000 rw-p 00000000 00:00 0 
7f02c0021000-7f02c4000000 ---p 00000000 00:00 0 
7f02c4000000-7f02c4021000 rw-p 00000000 00:00 0 
7f02c4021000-7f02c8000000 ---p 00000000 00:00 0 
7f02c8000000-7f02c8100000 rw-p 00000000 00:00 0 
7f02c8100000-7f02cc000000 ---p 00000000 00:00 0 
7f02cc000000-7f02cc0c5000 rw-p 00000000 00:00 0 
7f02cc0c5000-7f02d0000000 ---p 00000000 00:00 0 
7f02d0000000-7f02d0021000 rw-p 00000000 00:00 0 
7f02d0021000-7f02d4000000 ---p 00000000 00:00 0 
7f02d4000000-7f02d4021000 rw-p 00000000 00:00 0 
7f02d4021000-7f02d8000000 ---p 00000000 00:00 0 
7f02d8000000-7f02d8123000 rw-p 00000000 00:00 0 
7f02d8123000-7f02dc000000 ---p 00000000 00:00 0 
7f02dc000000-7f02dc021000 rw-p 00000000 00:00 0 
7f02dc021000-7f02e0000000 ---p 00000000 00:00 0 
7f02e0000000-7f02e0021000 rw-p 00000000 00:00 0 
7f02e0021000-7f02e4000000 ---p 00000000 00:00 0 
7f02e4000000-7f02e4021000 rw-p 00000000 00:00 0 
7f02e4021000-7f02e8000000 ---p 00000000 00:00 0 
7f02e8000000-7f02e8021000 rw-p 00000000 00:00 0 
7f02e8021000-7f02ec000000 ---p 00000000 00:00 0 
7f02ec000000-7f02ec021000 rw-p 00000000 00:00 0 
7f02ec021000-7f02f0000000 ---p 00000000 00:00 0 
7f02f0000000-7f02f0021000 rw-p 00000000 00:00 0 
7f02f0021000-7f02f4000000 ---p 00000000 00:00 0 
7f02f4bc7000-7f02f4bf8000 rw-p 00000000 00:00 0 
7f02f4bf8000-7f02f4bfc000 r--p 00000000 08:10 87356                      /usr/lib/jvm/java-11-openjdk-amd64/lib/libnet.so
7f02f4bfc000-7f02f4c0b000 r-xp 00004000 08:10 87356                      /usr/lib/jvm/java-11-openjdk-amd64/lib/libnet.so
7f02f4c0b000-7f02f4c0f000 r--p 00013000 08:10 87356                      /usr/lib/jvm/java-11-openjdk-amd64/lib/libnet.so
7f02f4c0f000-7f02f4c10000 r--p 00016000 08:10 87356                      /usr/lib/jvm/java-11-openjdk-amd64/lib/libnet.so
7f02f4c10000-7f02f4c11000 rw-p 00017000 08:10 87356                      /usr/lib/jvm/java-11-openjdk-amd64/lib/libnet.so
7f02f4c11000-7f02f4c12000 ---p 00000000 00:00 0 
7f02f4c12000-7f02f4d13000 rw-p 00000000 00:00 0 
7f02f4d13000-7f02f4d17000 ---p 00000000 00:00 0 
7f02f4d17000-7f02f4e14000 rw-p 00000000 00:00 0 
7f02f4e14000-7f02f4e18000 ---p 00000000 00:00 0 
7f02f4e18000-7f02f4f15000 rw-p 00000000 00:00 0 
7f02f4f15000-7f02f4f19000 ---p 00000000 00:00 0 
7f02f4f19000-7f02f5016000 rw-p 00000000 00:00 0 
7f02f5016000-7f02f501a000 ---p 00000000 00:00 0 
7f02f501a000-7f02f5117000 rw-p 00000000 00:00 0 
7f02f5117000-7f02f511b000 ---p 00000000 00:00 0 
7f02f511b000-7f02f5218000 rw-p 00000000 00:00 0 
7f02f5218000-7f02f521c000 ---p 00000000 00:00 0 
7f02f521c000-7f02f5319000 rw-p 00000000 00:00 0 
7f02f5319000-7f02f531d000 ---p 00000000 00:00 0 
7f02f531d000-7f02f541a000 rw-p 00000000 00:00 0 
7f02f541a000-7f02f56ff000 r--p 00000000 08:10 87234                      /usr/lib/locale/locale-archive
7f02f56ff000-7f02f5703000 ---p 00000000 00:00 0 
7f02f5703000-7f02f5cc0000 rw-p 00000000 00:00 0 
7f02f5cc0000-7f02f6000000 ---p 00000000 00:00 0 
7f02f6000000-7f02f8000000 rw-p 00000000 00:00 0 
7f02f8000000-7f02f8021000 rw-p 00000000 00:00 0 
7f02f8021000-7f02fc000000 ---p 00000000 00:00 0 
7f02fc00a000-7f02fc00e000 ---p 00000000 00:00 0 
7f02fc00e000-7f02fc10b000 rw-p 00000000 00:00 0 
7f02fc10b000-7f02fc10c000 ---p 00000000 00:00 0 
7f02fc10c000-7f02fc28e000 rw-p 00000000 00:00 0 
7f02fc28e000-7f02fc28f000 ---p 00000000 00:00 0 
7f02fc28f000-7f02fc390000 rw-p 00000000 00:00 0 
7f02fc390000-7f02fc391000 ---p 00000000 00:00 0 
7f02fc391000-7f02fce9c000 rw-p 00000000 00:00 0 
7f02fce9c000-7f02fce9d000 ---p 00000000 00:00 0 
7f02fce9d000-7f02fcf9e000 rw-p 00000000 00:00 0 
7f02fcf9e000-7f02fcf9f000 ---p 00000000 00:00 0 
7f02fcf9f000-7f02fd0c0000 rw-p 00000000 00:00 0 
7f02fd0c0000-7f02ff218000 ---p 00000000 00:00 0 
7f02ff218000-7f02ff220000 rw-p 00000000 00:00 0 
7f02ff220000-7f0300220000 ---p 00000000 00:00 0 
7f0300220000-7f0300240000 rw-p 00000000 00:00 0 
7f0300240000-7f0302398000 ---p 00000000 00:00 0 
7f0302398000-7f03023a0000 rw-p 00000000 00:00 0 
7f03023a0000-7f03033a0000 ---p 00000000 00:00 0 
7f03033a0000-7f03033a4000 rw-p 00000000 00:00 0 
7f03033a4000-7f03037cf000 ---p 00000000 00:00 0 
7f03037cf000-7f03037d0000 rw-p 00000000 00:00 0 
7f03037d0000-7f03039d0000 ---p 00000000 00:00 0 
7f03039d0000-7f03039d4000 rw-p 00000000 00:00 0 
7f03039d4000-7f0303dff000 ---p 00000000 00:00 0 
7f0303dff000-7f0303e00000 rw-p 00000000 00:00 0 
7f0303e00000-7f0304000000 ---p 00000000 00:00 0 
7f0304000000-7f0304021000 rw-p 00000000 00:00 0 
7f0304021000-7f0308000000 ---p 00000000 00:00 0 
7f0308018000-7f030816c000 rw-p 00000000 00:00 0 
7f030816c000-7f0308597000 ---p 00000000 00:00 0 
7f0308597000-7f0308598000 rw-p 00000000 00:00 0 
7f0308598000-7f0308798000 ---p 00000000 00:00 0 
7f0308798000-7f0308899000 rw-p 00000000 00:00 0 
7f0308899000-7f0308b09000 rwxp 00000000 00:00 0 
7f0308b09000-7f0308e2a000 ---p 00000000 00:00 0 
7f0308e2a000-7f030909a000 rwxp 00000000 00:00 0 
7f030909a000-7f0310361000 ---p 00000000 00:00 0 
7f0310361000-7f03105d1000 rwxp 00000000 00:00 0 
7f03105d1000-7f0317899000 ---p 00000000 00:00 0 
7f0317899000-7f0320000000 r--s 00000000 08:10 87367                      /usr/lib/jvm/java-11-openjdk-amd64/lib/modules
7f0320000000-7f0320201000 rw-p 00000000 00:00 0 
7f0320201000-7f0324000000 ---p 00000000 00:00 0 
7f032400a000-7f0324011000 r--p 00000000 08:10 87357                      /usr/lib/jvm/java-11-openjdk-amd64/lib/libnio.so
7f0324011000-7f0324018000 r-xp 00007000 08:10 87357                      /usr/lib/jvm/java-11-openjdk-amd64/lib/libnio.so
7f0324018000-7f032401b000 r--p 0000e000 08:10 87357                      /usr/lib/jvm/java-11-openjdk-amd64/lib/libnio.so
7f032401b000-7f032401c000 r--p 00010000 08:10 87357                      /usr/lib/jvm/java-11-openjdk-amd64/lib/libnio.so
7f032401c000-7f032401d000 rw-p 00011000 08:10 87357                      /usr/lib/jvm/java-11-openjdk-amd64/lib/libnio.so
7f032401d000-7f0324968000 rw-p 00000000 00:00 0 
7f0324968000-7f0324969000 ---p 00000000 00:00 0 
7f0324969000-7f0324a6f000 rw-p 00000000 00:00 0 
7f0324a6f000-7f0324b55000 ---p 00000000 00:00 0 
7f0324b55000-7f0324b5a000 rw-p 00000000 00:00 0 
7f0324b5a000-7f0324c40000 ---p 00000000 00:00 0 
7f0324c40000-7f0324c45000 rw-p 00000000 00:00 0 
7f0324c45000-7f0324c4c000 ---p 00000000 00:00 0 
7f0324c4c000-7f0324c4e000 r--p 00000000 08:10 87366                      /usr/lib/jvm/java-11-openjdk-amd64/lib/libzip.so
7f0324c4e000-7f0324c52000 r-xp 00002000 08:10 87366                      /usr/lib/jvm/java-11-openjdk-amd64/lib/libzip.so
7f0324c52000-7f0324c54000 r--p 00006000 08:10 87366                      /usr/lib/jvm/java-11-openjdk-amd64/lib/libzip.so
7f0324c54000-7f0324c55000 r--p 00007000 08:10 87366                      /usr/lib/jvm/java-11-openjdk-amd64/lib/libzip.so
7f0324c55000-7f0324c56000 rw-p 00008000 08:10 87366                      /usr/lib/jvm/java-11-openjdk-amd64/lib/libzip.so
7f0324c56000-7f0324c59000 r--p 00000000 08:10 92219                      /lib/x86_64-linux-gnu/libnss_files-2.28.so
7f0324c59000-7f0324c60000 r-xp 00003000 08:10 92219                      /lib/x86_64-linux-gnu/libnss_files-2.28.so
7f0324c60000-7f0324c62000 r--p 0000a000 08:10 92219                      /lib/x86_64-linux-gnu/libnss_files-2.28.so
7f0324c62000-7f0324c63000 ---p 0000c000 08:10 92219                      /lib/x86_64-linux-gnu/libnss_files-2.28.so
7f0324c63000-7f0324c64000 r--p 0000c000 08:10 92219                      /lib/x86_64-linux-gnu/libnss_files-2.28.so
7f0324c64000-7f0324c65000 rw-p 0000d000 08:10 92219                      /lib/x86_64-linux-gnu/libnss_files-2.28.so
7f0324c65000-7f0324c6b000 rw-p 00000000 00:00 0 
7f0324c6b000-7f0324c73000 rw-s 00000000 08:10 656913                     /tmp/hsperfdata_cleverwolf7/5028
7f0324c73000-7f0324c75000 r--p 00000000 08:10 87348                      /usr/lib/jvm/java-11-openjdk-amd64/lib/libjimage.so
7f0324c75000-7f0324c78000 r-xp 00002000 08:10 87348                      /usr/lib/jvm/java-11-openjdk-amd64/lib/libjimage.so
7f0324c78000-7f0324c7a000 r--p 00005000 08:10 87348                      /usr/lib/jvm/java-11-openjdk-amd64/lib/libjimage.so
7f0324c7a000-7f0324c7b000 r--p 00006000 08:10 87348                      /usr/lib/jvm/java-11-openjdk-amd64/lib/libjimage.so
7f0324c7b000-7f0324c7c000 rw-p 00007000 08:10 87348                      /usr/lib/jvm/java-11-openjdk-amd64/lib/libjimage.so
7f0324c7c000-7f0324c8a000 r--p 00000000 08:10 87344                      /usr/lib/jvm/java-11-openjdk-amd64/lib/libjava.so
7f0324c8a000-7f0324c9f000 r-xp 0000e000 08:10 87344                      /usr/lib/jvm/java-11-openjdk-amd64/lib/libjava.so
7f0324c9f000-7f0324ca6000 r--p 00023000 08:10 87344                      /usr/lib/jvm/java-11-openjdk-amd64/lib/libjava.so
7f0324ca6000-7f0324ca7000 r--p 00029000 08:10 87344                      /usr/lib/jvm/java-11-openjdk-amd64/lib/libjava.so
7f0324ca7000-7f0324ca8000 rw-p 0002a000 08:10 87344                      /usr/lib/jvm/java-11-openjdk-amd64/lib/libjava.so
7f0324ca8000-7f0324ca9000 rw-p 00000000 00:00 0 
7f0324ca9000-7f0324cae000 r--p 00000000 08:10 87365                      /usr/lib/jvm/java-11-openjdk-amd64/lib/libverify.so
7f0324cae000-7f0324cb5000 r-xp 00005000 08:10 87365                      /usr/lib/jvm/java-11-openjdk-amd64/lib/libverify.so
7f0324cb5000-7f0324cb7000 r--p 0000c000 08:10 87365                      /usr/lib/jvm/java-11-openjdk-amd64/lib/libverify.so
7f0324cb7000-7f0324cb9000 r--p 0000d000 08:10 87365                      /usr/lib/jvm/java-11-openjdk-amd64/lib/libverify.so
7f0324cb9000-7f0324cba000 rw-p 0000f000 08:10 87365                      /usr/lib/jvm/java-11-openjdk-amd64/lib/libverify.so
7f0324cba000-7f0324cbc000 r--p 00000000 08:10 92244                      /lib/x86_64-linux-gnu/librt-2.28.so
7f0324cbc000-7f0324cc0000 r-xp 00002000 08:10 92244                      /lib/x86_64-linux-gnu/librt-2.28.so
7f0324cc0000-7f0324cc2000 r--p 00006000 08:10 92244                      /lib/x86_64-linux-gnu/librt-2.28.so
7f0324cc2000-7f0324cc3000 r--p 00007000 08:10 92244                      /lib/x86_64-linux-gnu/librt-2.28.so
7f0324cc3000-7f0324cc4000 rw-p 00008000 08:10 92244                      /lib/x86_64-linux-gnu/librt-2.28.so
7f0324cc4000-7f0324cc8000 ---p 00000000 00:00 0 
7f0324cc8000-7f0324dc5000 rw-p 00000000 00:00 0 
7f0324dc5000-7f0324dc8000 r--p 00000000 08:10 92185                      /lib/x86_64-linux-gnu/libgcc_s.so.1
7f0324dc8000-7f0324dd9000 r-xp 00003000 08:10 92185                      /lib/x86_64-linux-gnu/libgcc_s.so.1
7f0324dd9000-7f0324ddc000 r--p 00014000 08:10 92185                      /lib/x86_64-linux-gnu/libgcc_s.so.1
7f0324ddc000-7f0324ddd000 ---p 00017000 08:10 92185                      /lib/x86_64-linux-gnu/libgcc_s.so.1
7f0324ddd000-7f0324dde000 r--p 00017000 08:10 92185                      /lib/x86_64-linux-gnu/libgcc_s.so.1
7f0324dde000-7f0324ddf000 rw-p 00018000 08:10 92185                      /lib/x86_64-linux-gnu/libgcc_s.so.1
7f0324ddf000-7f0324dec000 r--p 00000000 08:10 92200                      /lib/x86_64-linux-gnu/libm-2.28.so
7f0324dec000-7f0324e8b000 r-xp 0000d000 08:10 92200                      /lib/x86_64-linux-gnu/libm-2.28.so
7f0324e8b000-7f0324f60000 r--p 000ac000 08:10 92200                      /lib/x86_64-linux-gnu/libm-2.28.so
7f0324f60000-7f0324f61000 r--p 00180000 08:10 92200                      /lib/x86_64-linux-gnu/libm-2.28.so
7f0324f61000-7f0324f62000 rw-p 00181000 08:10 92200                      /lib/x86_64-linux-gnu/libm-2.28.so
7f0324f62000-7f0324feb000 r--p 00000000 08:10 79667                      /usr/lib/x86_64-linux-gnu/libstdc++.so.6.0.25
7f0324feb000-7f0325097000 r-xp 00089000 08:10 79667                      /usr/lib/x86_64-linux-gnu/libstdc++.so.6.0.25
7f0325097000-7f03250d5000 r--p 00135000 08:10 79667                      /usr/lib/x86_64-linux-gnu/libstdc++.so.6.0.25
7f03250d5000-7f03250d6000 ---p 00173000 08:10 79667                      /usr/lib/x86_64-linux-gnu/libstdc++.so.6.0.25
7f03250d6000-7f03250e0000 r--p 00173000 08:10 79667                      /usr/lib/x86_64-linux-gnu/libstdc++.so.6.0.25
7f03250e0000-7f03250e2000 rw-p 0017d000 08:10 79667                      /usr/lib/x86_64-linux-gnu/libstdc++.so.6.0.25
7f03250e2000-7f03250e6000 rw-p 00000000 00:00 0 
7f03250e6000-7f0325353000 r--p 00000000 08:10 87376                      /usr/lib/jvm/java-11-openjdk-amd64/lib/server/libjvm.so
7f0325353000-7f0325ea0000 r-xp 0026d000 08:10 87376                      /usr/lib/jvm/java-11-openjdk-amd64/lib/server/libjvm.so
7f0325ea0000-7f03260da000 r--p 00dba000 08:10 87376                      /usr/lib/jvm/java-11-openjdk-amd64/lib/server/libjvm.so
7f03260da000-7f0326197000 r--p 00ff3000 08:10 87376                      /usr/lib/jvm/java-11-openjdk-amd64/lib/server/libjvm.so
7f0326197000-7f03261d0000 rw-p 010b0000 08:10 87376                      /usr/lib/jvm/java-11-openjdk-amd64/lib/server/libjvm.so
7f03261d0000-7f0326229000 rw-p 00000000 00:00 0 
7f0326229000-7f032624b000 r--p 00000000 08:10 92158                      /lib/x86_64-linux-gnu/libc-2.28.so
7f032624b000-7f0326393000 r-xp 00022000 08:10 92158                      /lib/x86_64-linux-gnu/libc-2.28.so
7f0326393000-7f03263df000 r--p 0016a000 08:10 92158                      /lib/x86_64-linux-gnu/libc-2.28.so
7f03263df000-7f03263e0000 ---p 001b6000 08:10 92158                      /lib/x86_64-linux-gnu/libc-2.28.so
7f03263e0000-7f03263e4000 r--p 001b6000 08:10 92158                      /lib/x86_64-linux-gnu/libc-2.28.so
7f03263e4000-7f03263e6000 rw-p 001ba000 08:10 92158                      /lib/x86_64-linux-gnu/libc-2.28.so
7f03263e6000-7f03263ea000 rw-p 00000000 00:00 0 
7f03263ea000-7f03263eb000 r--p 00000000 08:10 92173                      /lib/x86_64-linux-gnu/libdl-2.28.so
7f03263eb000-7f03263ec000 r-xp 00001000 08:10 92173                      /lib/x86_64-linux-gnu/libdl-2.28.so
7f03263ec000-7f03263ed000 r--p 00002000 08:10 92173                      /lib/x86_64-linux-gnu/libdl-2.28.so
7f03263ed000-7f03263ee000 r--p 00002000 08:10 92173                      /lib/x86_64-linux-gnu/libdl-2.28.so
7f03263ee000-7f03263ef000 rw-p 00003000 08:10 92173                      /lib/x86_64-linux-gnu/libdl-2.28.so
7f03263ef000-7f03263f2000 r--p 00000000 08:10 87382                      /usr/lib/jvm/java-11-openjdk-amd64/lib/jli/libjli.so
7f03263f2000-7f03263fc000 r-xp 00003000 08:10 87382                      /usr/lib/jvm/java-11-openjdk-amd64/lib/jli/libjli.so
7f03263fc000-7f03263ff000 r--p 0000d000 08:10 87382                      /usr/lib/jvm/java-11-openjdk-amd64/lib/jli/libjli.so
7f03263ff000-7f0326400000 ---p 00010000 08:10 87382                      /usr/lib/jvm/java-11-openjdk-amd64/lib/jli/libjli.so
7f0326400000-7f0326401000 r--p 00010000 08:10 87382                      /usr/lib/jvm/java-11-openjdk-amd64/lib/jli/libjli.so
7f0326401000-7f0326402000 rw-p 00011000 08:10 87382                      /usr/lib/jvm/java-11-openjdk-amd64/lib/jli/libjli.so
7f0326402000-7f0326408000 r--p 00000000 08:10 92238                      /lib/x86_64-linux-gnu/libpthread-2.28.so
7f0326408000-7f0326417000 r-xp 00006000 08:10 92238                      /lib/x86_64-linux-gnu/libpthread-2.28.so
7f0326417000-7f032641d000 r--p 00015000 08:10 92238                      /lib/x86_64-linux-gnu/libpthread-2.28.so
7f032641d000-7f032641e000 r--p 0001a000 08:10 92238                      /lib/x86_64-linux-gnu/libpthread-2.28.so
7f032641e000-7f032641f000 rw-p 0001b000 08:10 92238                      /lib/x86_64-linux-gnu/libpthread-2.28.so
7f032641f000-7f0326423000 rw-p 00000000 00:00 0 
7f0326423000-7f032643f000 r-xp 00000000 08:10 92268                      /lib/x86_64-linux-gnu/libz.so.1.2.11
7f032643f000-7f032663f000 ---p 0001c000 08:10 92268                      /lib/x86_64-linux-gnu/libz.so.1.2.11
7f032663f000-7f0326640000 r--p 0001c000 08:10 92268                      /lib/x86_64-linux-gnu/libz.so.1.2.11
7f0326640000-7f0326641000 rw-p 0001d000 08:10 92268                      /lib/x86_64-linux-gnu/libz.so.1.2.11
7f0326641000-7f0326643000 rw-p 00000000 00:00 0 
7f0326647000-7f0326649000 r--s 00007000 08:10 18352                      /usr/share/java/java-atk-wrapper.jar
7f0326649000-7f032664a000 ---p 00000000 00:00 0 
7f032664a000-7f032664b000 r--p 00000000 00:00 0 
7f032664b000-7f032664c000 r--p 00000000 08:10 92143                      /lib/x86_64-linux-gnu/ld-2.28.so
7f032664c000-7f032666a000 r-xp 00001000 08:10 92143                      /lib/x86_64-linux-gnu/ld-2.28.so
7f032666a000-7f0326672000 r--p 0001f000 08:10 92143                      /lib/x86_64-linux-gnu/ld-2.28.so
7f0326672000-7f0326673000 r--p 00026000 08:10 92143                      /lib/x86_64-linux-gnu/ld-2.28.so
7f0326673000-7f0326674000 rw-p 00027000 08:10 92143                      /lib/x86_64-linux-gnu/ld-2.28.so
7f0326674000-7f0326675000 rw-p 00000000 00:00 0 
7ffe3f120000-7ffe3f141000 rw-p 00000000 00:00 0                          [stack]
7ffe3f177000-7ffe3f17a000 r--p 00000000 00:00 0                          [vvar]
7ffe3f17a000-7ffe3f17c000 r-xp 00000000 00:00 0                          [vdso]


VM Arguments:
jvm_args: -Dapplication.home=/usr/lib/jvm/java-11-openjdk-amd64 --add-modules=ALL-DEFAULT -Xms8m -Djdk.module.main=jdk.compiler 
java_command: jdk.compiler/com.sun.tools.javac.Main test.java
java_class_path (initial): <not set>
Launcher Type: SUN_STANDARD

[Global flags]
     intx CICompilerCount                          = 4                                         {product} {ergonomic}
     uint ConcGCThreads                            = 3                                         {product} {ergonomic}
     uint G1ConcRefinementThreads                  = 10                                        {product} {ergonomic}
   size_t G1HeapRegionSize                         = 1048576                                   {product} {ergonomic}
    uintx GCDrainStackTargetSize                   = 64                                        {product} {ergonomic}
   size_t InitialHeapSize                          = 8388608                                   {product} {command line}
   size_t MarkStackSize                            = 4194304                                   {product} {ergonomic}
   size_t MaxHeapSize                              = 3321888768                                {product} {ergonomic}
   size_t MaxNewSize                               = 1992294400                                {product} {ergonomic}
   size_t MinHeapDeltaBytes                        = 1048576                                   {product} {ergonomic}
    uintx NonNMethodCodeHeapSize                   = 5836300                                {pd product} {ergonomic}
    uintx NonProfiledCodeHeapSize                  = 122910970                              {pd product} {ergonomic}
    uintx ProfiledCodeHeapSize                     = 122910970                              {pd product} {ergonomic}
    uintx ReservedCodeCacheSize                    = 251658240                              {pd product} {ergonomic}
     bool SegmentedCodeCache                       = true                                      {product} {ergonomic}
     bool UseCompressedClassPointers               = true                                 {lp64_product} {ergonomic}
     bool UseCompressedOops                        = true                                 {lp64_product} {ergonomic}
     bool UseG1GC                                  = true                                      {product} {ergonomic}

Logging:
Log output configuration:
 #0: stdout all=warning uptime,level,tags
 #1: stderr all=off uptime,level,tags

Environment Variables:
PATH=/home/cleverwolf7/officeHoursNPMScript/src/node_modules/.bin:/home/linuxbrew/.linuxbrew/bin:/home/linuxbrew/.linuxbrew/sbin:/home/cleverwolf7/.local/bin:/home/cleverwolf7/.deno/bin:/usr/local/bin:/usr/bin:/bin:/usr/local/games:/usr/games:/snap/bin
SHELL=/bin/bash
HOSTTYPE=x86_64
LANG=en_US.UTF-8

Signal Handlers:
SIGSEGV: [libjvm.so+0xd469b0], sa_mask[0]=11111111011111111101111111111110, sa_flags=SA_RESTART|SA_SIGINFO
SIGBUS: [libjvm.so+0xd469b0], sa_mask[0]=11111111011111111101111111111110, sa_flags=SA_RESTART|SA_SIGINFO
SIGFPE: [libjvm.so+0xd469b0], sa_mask[0]=11111111011111111101111111111110, sa_flags=SA_RESTART|SA_SIGINFO
SIGPIPE: [libjvm.so+0xb48950], sa_mask[0]=11111111011111111101111111111110, sa_flags=SA_RESTART|SA_SIGINFO
SIGXFSZ: [libjvm.so+0xb48950], sa_mask[0]=11111111011111111101111111111110, sa_flags=SA_RESTART|SA_SIGINFO
SIGILL: [libjvm.so+0xd469b0], sa_mask[0]=11111111011111111101111111111110, sa_flags=SA_RESTART|SA_SIGINFO
SIGUSR2: [libjvm.so+0xb487e0], sa_mask[0]=00000000000000000000000000000000, sa_flags=SA_RESTART|SA_SIGINFO
SIGHUP: [libjvm.so+0xb48c90], sa_mask[0]=11111111011111111101111111111110, sa_flags=SA_RESTART|SA_SIGINFO
SIGINT: [libjvm.so+0xb48c90], sa_mask[0]=11111111011111111101111111111110, sa_flags=SA_RESTART|SA_SIGINFO
SIGTERM: [libjvm.so+0xb48c90], sa_mask[0]=11111111011111111101111111111110, sa_flags=SA_RESTART|SA_SIGINFO
SIGQUIT: [libjvm.so+0xb48c90], sa_mask[0]=11111111011111111101111111111110, sa_flags=SA_RESTART|SA_SIGINFO


---------------  S Y S T E M  ---------------

OS:PRETTY_NAME="Debian GNU/Linux 10 (buster)"
NAME="Debian GNU/Linux"
VERSION_ID="10"
VERSION="10 (buster)"
VERSION_CODENAME=buster
ID=debian
HOME_URL="https://www.debian.org/"
SUPPORT_URL="https://www.debian.org/support"
BUG_REPORT_URL="https://bugs.debian.org/"
uname:Linux 4.19.128-microsoft-standard #1 SMP Tue Jun 23 12:58:10 UTC 2020 x86_64
OS uptime: 0 days 9:17 hours
libc:glibc 2.28 NPTL 2.28 
rlimit (soft/hard): STACK 8192k/infinity , CORE 0k/infinity , NPROC 50655/50655 , NOFILE 4096/4096 , AS infinity/infinity , CPU infinity/infinity , DATA infinity/infinity , FSIZE infinity/infinity , MEMLOCK 64k/64k
load average:0.13 0.19 0.10

/proc/meminfo:
MemTotal:       12972744 kB
MemFree:        12452552 kB
MemAvailable:   12547728 kB
Buffers:          132140 kB
Cached:           181044 kB
SwapCached:            0 kB
Active:           353788 kB
Inactive:          35468 kB
Active(anon):      76128 kB
Inactive(anon):        8 kB
Active(file):     277660 kB
Inactive(file):    35460 kB
Unevictable:           0 kB
Mlocked:               0 kB
SwapTotal:       4194304 kB
SwapFree:        4194304 kB
Dirty:               144 kB
Writeback:             0 kB
AnonPages:         76492 kB
Mapped:            57576 kB
Shmem:                72 kB
Slab:              56848 kB
SReclaimable:      35580 kB
SUnreclaim:        21268 kB
KernelStack:        3648 kB
PageTables:         1900 kB
NFS_Unstable:          0 kB
Bounce:                0 kB
WritebackTmp:          0 kB
CommitLimit:    10680676 kB
Committed_AS:     340280 kB
VmallocTotal:   34359738367 kB
VmallocUsed:           0 kB
VmallocChunk:          0 kB
Percpu:             3776 kB
AnonHugePages:     30720 kB
ShmemHugePages:        0 kB
ShmemPmdMapped:        0 kB
HugePages_Total:       0
HugePages_Free:        0
HugePages_Rsvd:        0
HugePages_Surp:        0
Hugepagesize:       2048 kB
Hugetlb:               0 kB
DirectMap4k:       48128 kB
DirectMap2M:     3815424 kB
DirectMap1G:     9437184 kB

/sys/kernel/mm/transparent_hugepage/enabled:
[always] madvise never
/sys/kernel/mm/transparent_hugepage/defrag (defrag/compaction efforts parameter):
always defer defer+madvise [madvise] never

/proc/sys/kernel/threads-max (system-wide limit on the number of threads):
101311
/proc/sys/vm/max_map_count (maximum number of memory map areas a process may have):
65530
/proc/sys/kernel/pid_max (system-wide limit on number of process identifiers):
32768

container (cgroup) information:
container_type: cgroupv1
cpu_cpuset_cpus: 0-11
cpu_memory_nodes: 0
active_processor_count: 12
cpu_quota: -1
cpu_period: 100000
cpu_shares: -1
memory_limit_in_bytes: -1
memory_and_swap_limit_in_bytes: -1
memory_soft_limit_in_bytes: -1
memory_usage_in_bytes: 399618048
memory_max_usage_in_bytes: 304308224

HyperV virtualization detected
Steal ticks since vm start: 0
Steal ticks percentage since vm start:  0.000

CPU:total 12 (initial active 12) (8 cores per cpu, 2 threads per core) family 6 model 158 stepping 10, cmov, cx8, fxsr, mmx, sse, sse2, sse3, ssse3, sse4.1, sse4.2, popcnt, avx, avx2, aes, clmul, erms, 3dnowpref, lzcnt, ht, tsc, bmi1, bmi2, adx, fma
CPU Model and flags from /proc/cpuinfo:
model name	: Intel(R) Core(TM) i7-8750H CPU @ 2.20GHz
flags		: fpu vme de pse tsc msr pae mce cx8 apic sep mtrr pge mca cmov pat pse36 clflush mmx fxsr sse sse2 ss ht syscall nx pdpe1gb rdtscp lm constant_tsc rep_good nopl xtopology cpuid pni pclmulqdq ssse3 fma cx16 pcid sse4_1 sse4_2 movbe popcnt aes xsave avx f16c rdrand hypervisor lahf_lm abm 3dnowprefetch invpcid_single pti ssbd ibrs ibpb stibp fsgsbase bmi1 avx2 smep bmi2 erms invpcid rdseed adx smap clflushopt xsaveopt xsavec xgetbv1 xsaves flush_l1d arch_capabilities
Online cpus:
0-11
Offline cpus:

BIOS frequency limitation:
<Not Available>
Frequency switch latency (ns):
<Not Available>
Available cpu frequencies:
<Not Available>
Current governor:
<Not Available>
Core performance/turbo boost:
<Not Available>

Memory: 4k page, physical 12972744k(12452552k free), swap 4194304k(4194304k free)

vm_info: OpenJDK 64-Bit Server VM (11.0.9+11-post-Debian-1deb10u1) for linux-amd64 JRE (11.0.9+11-post-Debian-1deb10u1), built on Oct 22 2020 14:49:15 by "unknown" with gcc 8.3.0

END.
